2026-02-22 23:39:43.783 xcodebuild[90405:1764657]  DVTFilePathFSEvents: Failed to start fs event stream.
2026-02-22 23:39:43.921 xcodebuild[90405:1764654] [MT] DVTDeveloperPaths: Failed to get length of DARWIN_USER_CACHE_DIR from confstr(3), error = Error Domain=NSPOSIXErrorDomain Code=5 "Input/output error". Using NSCachesDirectory instead.
2026-02-22 23:39:44.227 xcodebuild[90405:1764658] CoreSimulatorService connection became invalid.  Simulator services will no longer be available.
2026-02-22 23:39:44.227 xcodebuild[90405:1764712] Logging connecton invalid: <OS_xpc_error: <dictionary: 0x207cebc10> { count = 1, transaction: 0, voucher = 0x0, contents =
	"XPCErrorDescription" => <string: 0x207cebd58> { string cache = 0x0, length = 18, contents = "Connection invalid" }
}>
2026-02-22 23:39:44.227 xcodebuild[90405:1764711] Error opening log file (/Users/chrislemarquand/Library/Logs/CoreSimulator/CoreSimulator.com.apple.dt.xcodebuild.log): Operation not permitted
[-[SimServiceContext sendRequest:]:1743] ERROR : Unable to deliver request ({
    "developer_dir" = "/Applications/Xcode.app/Contents/Developer";
    request = "set_developer_dir";
}) because we are not connected to CoreSimulatorService.
Command line invocation:
    /Applications/Xcode.app/Contents/Developer/usr/bin/xcodebuild -project /Users/chrislemarquand/Documents/Photography/Exifedit/ExifEditMac.xcodeproj -scheme ExifEditMac -configuration Debug -destination platform=macOS -derivedDataPath /Users/chrislemarquand/Documents/Photography/Exifedit/build_derived build

2026-02-22 23:39:44.275 xcodebuild[90405:1764654] [MT] DVTAssertions: Warning in DVTFrameworks/DVTFoundation/FileTypes/DVTFileDataTypeDetection.m:79
Details:  detectedTypeIdentifier (com.apple.xml-property-list) does not conform to matchedTypeIdentifier in MagicFileDataTypeDetector extenson com.apple.property-list. When both are specified, this conformance is required unless overridden by setting allowNonInheritance. extension.identifier:Xcode.MagicFileDataTypeDetector.XMLPlist
Object:   <DVTFileDataTypeDetectionMagicCache: 0xc56182820>
Method:   -initWithExtension:
Thread:   <_NSMainThread: 0x101489770>{number = 1, name = main}
Please file a bug at https://feedbackassistant.apple.com with this warning message and any useful information you can provide.
2026-02-22 23:39:44.276 xcodebuild[90405:1764654] [MT] DVTAssertions: Warning in DVTFrameworks/DVTFoundation/FileTypes/DVTFileDataTypeDetection.m:79
Details:  detectedTypeIdentifier (com.apple.binary-property-list) does not conform to matchedTypeIdentifier in MagicFileDataTypeDetector extenson com.apple.property-list. When both are specified, this conformance is required unless overridden by setting allowNonInheritance. extension.identifier:Xcode.MagicFileDataTypeDetector.BinaryPlist
Object:   <DVTFileDataTypeDetectionMagicCache: 0xc5618c8d0>
Method:   -initWithExtension:
Thread:   <_NSMainThread: 0x101489770>{number = 1, name = main}
Please file a bug at https://feedbackassistant.apple.com with this warning message and any useful information you can provide.
[-[SimServiceContext initWithDeveloperDir:connectionType:error:]:450] WARN  : Unable to discover any Simulator runtimes. Developer Directory is /Applications/Xcode.app/Contents/Developer.
[-[SimDiskImageManager init]:175] ERROR : Could not kickstart simdiskimaged; SimDiskImageManager services will not be available: Error Domain=NSPOSIXErrorDomain Code=53 "Software caused connection abort" UserInfo={NSLocalizedDescription=Error returned in reply from CoreSimulatorService: Connection invalid}
[-[SimDiskImageManager _onQueue_checkConnection:]:239] ERROR : simdiskimaged returned error (invalid), marking disconnected.
[-[SimDiskImageManager _onQueue_checkConnection:]:219] ERROR : simdiskimaged connection is currently unavailable because connection became invalid
[-[SimServiceContext initWithDeveloperDir:connectionType:error:]_block_invoke:486] ERROR : Could not get list of trusted mount directories: Error Domain=com.apple.CoreSimulator.SimError Code=409 "Cannot talk to the service used to manage runtime disk images (simdiskimaged) because its launchd job is not registered or was unloaded" UserInfo={NSLocalizedDescription=Cannot talk to the service used to manage runtime disk images (simdiskimaged) because its launchd job is not registered or was unloaded}
[-[SimServiceContext sendRequest:reply:error:]:1763] ERROR : Unable to deliver request ({
    request = "notification_subscription";
    "set_path" = "/Users/chrislemarquand/Library/Developer/CoreSimulator/Devices";
}) because we are not connected to CoreSimulatorService.
2026-02-22 23:39:44.283 xcodebuild[90405:1764657] Error Domain=NSPOSIXErrorDomain Code=61 "Connection refused" UserInfo={NSLocalizedDescription=CoreSimulatorService connection became invalid.  Simulator services will no longer be available.}
[-[SimServiceContext sendRequest:reply:error:]:1763] ERROR : Unable to deliver request ({
    request = "notification_subscription";
    "set_path" = "/Users/chrislemarquand/Library/Developer/CoreSimulator/Devices";
}) because we are not connected to CoreSimulatorService.
2026-02-22 23:39:44.285 xcodebuild[90405:1764711] Error Domain=NSPOSIXErrorDomain Code=61 "Connection refused" UserInfo={NSLocalizedDescription=CoreSimulatorService connection became invalid.  Simulator services will no longer be available.}
2026-02-22 23:39:44.285 xcodebuild[90405:1764657]  IDESimulatorAvailability: startObservingSimulatorUpdates() FAILED to register SimDeviceSet observer
2026-02-22 23:39:44.285 xcodebuild[90405:1764711]  iOSSimulator: [SimServiceContext defaultDeviceSetWithError:] returned nil (Error Domain=NSPOSIXErrorDomain Code=61 "Connection refused" UserInfo={NSLocalizedFailureReason=Failed to subscribe to notifications from CoreSimulatorService., NSLocalizedDescription=Failed to initialize simulator device set., NSUnderlyingError=0xc561bd4d0 {Error Domain=NSPOSIXErrorDomain Code=61 "Connection refused" UserInfo={NSLocalizedDescription=CoreSimulatorService connection became invalid.  Simulator services will no longer be available.}}}). Simulator device support disabled.
--- xcodebuild: WARNING: Using the first of multiple matching destinations:
{ platform:macOS, arch:arm64, id:00008112-0005105E3C51401E, name:My Mac }
{ platform:macOS, arch:x86_64, id:00008112-0005105E3C51401E, name:My Mac }
ComputePackagePrebuildTargetDependencyGraph

Prepare packages

CreateBuildRequest

SendProjectDescription

CreateBuildOperation

ComputeTargetDependencyGraph
note: Building targets in dependency order
note: Target dependency graph (2 targets)
    Target 'ExifEditMac' in project 'ExifEditMac'
        ➜ Explicit dependency on target 'ExifEditCore' in project 'ExifEditMac'
    Target 'ExifEditCore' in project 'ExifEditMac' (no dependencies)

GatherProvisioningInputs

CreateBuildDescription

ExecuteExternalTool /Applications/Xcode.app/Contents/Developer/Toolchains/XcodeDefault.xctoolchain/usr/bin/clang -v -E -dM -isysroot /Applications/Xcode.app/Contents/Developer/Platforms/MacOSX.platform/Developer/SDKs/MacOSX26.2.sdk -x c -c /dev/null

ExecuteExternalTool /Applications/Xcode.app/Contents/Developer/Toolchains/XcodeDefault.xctoolchain/usr/bin/swiftc --version

ExecuteExternalTool /Applications/Xcode.app/Contents/Developer/usr/bin/actool --version --output-format xml1

ExecuteExternalTool /Applications/Xcode.app/Contents/Developer/Toolchains/XcodeDefault.xctoolchain/usr/bin/libtool -V

ExecuteExternalTool /Applications/Xcode.app/Contents/Developer/Toolchains/XcodeDefault.xctoolchain/usr/bin/ld -version_details

Build description signature: e8f28b37f7d047d7776ce4223759cb35
Build description path: /Users/chrislemarquand/Documents/Photography/Exifedit/build_derived/Build/Intermediates.noindex/XCBuildData/e8f28b37f7d047d7776ce4223759cb35.xcbuilddata
ClangStatCache /Applications/Xcode.app/Contents/Developer/Toolchains/XcodeDefault.xctoolchain/usr/bin/clang-stat-cache /Applications/Xcode.app/Contents/Developer/Platforms/MacOSX.platform/Developer/SDKs/MacOSX26.2.sdk /Users/chrislemarquand/Documents/Photography/Exifedit/build_derived/SDKStatCaches.noindex/macosx26.2-25C57-00fa09913b459cbbc988d1f6730289ae.sdkstatcache
    cd /Users/chrislemarquand/Documents/Photography/Exifedit/ExifEditMac.xcodeproj
    /Applications/Xcode.app/Contents/Developer/Toolchains/XcodeDefault.xctoolchain/usr/bin/clang-stat-cache /Applications/Xcode.app/Contents/Developer/Platforms/MacOSX.platform/Developer/SDKs/MacOSX26.2.sdk -o /Users/chrislemarquand/Documents/Photography/Exifedit/build_derived/SDKStatCaches.noindex/macosx26.2-25C57-00fa09913b459cbbc988d1f6730289ae.sdkstatcache

CreateBuildDirectory /Users/chrislemarquand/Documents/Photography/Exifedit/build_derived/Build/Intermediates.noindex
    cd /Users/chrislemarquand/Documents/Photography/Exifedit/ExifEditMac.xcodeproj
    builtin-create-build-directory /Users/chrislemarquand/Documents/Photography/Exifedit/build_derived/Build/Intermediates.noindex

CreateBuildDirectory /Users/chrislemarquand/Documents/Photography/Exifedit/build_derived/Build/Products
    cd /Users/chrislemarquand/Documents/Photography/Exifedit/ExifEditMac.xcodeproj
    builtin-create-build-directory /Users/chrislemarquand/Documents/Photography/Exifedit/build_derived/Build/Products

CreateBuildDirectory /Users/chrislemarquand/Documents/Photography/Exifedit/build_derived/Build/Intermediates.noindex/SwiftExplicitPrecompiledModules
    cd /Users/chrislemarquand/Documents/Photography/Exifedit/ExifEditMac.xcodeproj
    builtin-create-build-directory /Users/chrislemarquand/Documents/Photography/Exifedit/build_derived/Build/Intermediates.noindex/SwiftExplicitPrecompiledModules

CreateBuildDirectory /Users/chrislemarquand/Documents/Photography/Exifedit/build_derived/Build/Intermediates.noindex/ExplicitPrecompiledModules
    cd /Users/chrislemarquand/Documents/Photography/Exifedit/ExifEditMac.xcodeproj
    builtin-create-build-directory /Users/chrislemarquand/Documents/Photography/Exifedit/build_derived/Build/Intermediates.noindex/ExplicitPrecompiledModules

CreateBuildDirectory /Users/chrislemarquand/Documents/Photography/Exifedit/build_derived/Build/Intermediates.noindex/EagerLinkingTBDs/Debug
    cd /Users/chrislemarquand/Documents/Photography/Exifedit/ExifEditMac.xcodeproj
    builtin-create-build-directory /Users/chrislemarquand/Documents/Photography/Exifedit/build_derived/Build/Intermediates.noindex/EagerLinkingTBDs/Debug

CreateBuildDirectory /Users/chrislemarquand/Documents/Photography/Exifedit/build_derived/Build/Products/Debug
    cd /Users/chrislemarquand/Documents/Photography/Exifedit/ExifEditMac.xcodeproj
    builtin-create-build-directory /Users/chrislemarquand/Documents/Photography/Exifedit/build_derived/Build/Products/Debug

WriteAuxiliaryFile /Users/chrislemarquand/Documents/Photography/Exifedit/build_derived/Build/Intermediates.noindex/ExifEditMac.build/Debug/ExifEditMac-a739478a16db508f47fedbcef944ca83-VFS/all-product-headers.yaml
    cd /Users/chrislemarquand/Documents/Photography/Exifedit/ExifEditMac.xcodeproj
    write-file /Users/chrislemarquand/Documents/Photography/Exifedit/build_derived/Build/Intermediates.noindex/ExifEditMac.build/Debug/ExifEditMac-a739478a16db508f47fedbcef944ca83-VFS/all-product-headers.yaml

WriteAuxiliaryFile /Users/chrislemarquand/Documents/Photography/Exifedit/build_derived/Build/Intermediates.noindex/ExifEditMac.build/Debug/ExifEditCore.build/ExifEditCore-own-target-headers.hmap (in target 'ExifEditCore' from project 'ExifEditMac')
    cd /Users/chrislemarquand/Documents/Photography/Exifedit
    write-file /Users/chrislemarquand/Documents/Photography/Exifedit/build_derived/Build/Intermediates.noindex/ExifEditMac.build/Debug/ExifEditCore.build/ExifEditCore-own-target-headers.hmap

WriteAuxiliaryFile /Users/chrislemarquand/Documents/Photography/Exifedit/build_derived/Build/Intermediates.noindex/ExifEditMac.build/Debug/ExifEditCore.build/ExifEditCore-all-target-headers.hmap (in target 'ExifEditCore' from project 'ExifEditMac')
    cd /Users/chrislemarquand/Documents/Photography/Exifedit
    write-file /Users/chrislemarquand/Documents/Photography/Exifedit/build_derived/Build/Intermediates.noindex/ExifEditMac.build/Debug/ExifEditCore.build/ExifEditCore-all-target-headers.hmap

WriteAuxiliaryFile /Users/chrislemarquand/Documents/Photography/Exifedit/build_derived/Build/Intermediates.noindex/ExifEditMac.build/Debug/ExifEditCore.build/ExifEditCore-generated-files.hmap (in target 'ExifEditCore' from project 'ExifEditMac')
    cd /Users/chrislemarquand/Documents/Photography/Exifedit
    write-file /Users/chrislemarquand/Documents/Photography/Exifedit/build_derived/Build/Intermediates.noindex/ExifEditMac.build/Debug/ExifEditCore.build/ExifEditCore-generated-files.hmap

WriteAuxiliaryFile /Users/chrislemarquand/Documents/Photography/Exifedit/build_derived/Build/Intermediates.noindex/ExifEditMac.build/Debug/ExifEditCore.build/ExifEditCore-project-headers.hmap (in target 'ExifEditCore' from project 'ExifEditMac')
    cd /Users/chrislemarquand/Documents/Photography/Exifedit
    write-file /Users/chrislemarquand/Documents/Photography/Exifedit/build_derived/Build/Intermediates.noindex/ExifEditMac.build/Debug/ExifEditCore.build/ExifEditCore-project-headers.hmap

WriteAuxiliaryFile /Users/chrislemarquand/Documents/Photography/Exifedit/build_derived/Build/Intermediates.noindex/ExifEditMac.build/Debug/ExifEditCore.build/ExifEditCore.hmap (in target 'ExifEditCore' from project 'ExifEditMac')
    cd /Users/chrislemarquand/Documents/Photography/Exifedit
    write-file /Users/chrislemarquand/Documents/Photography/Exifedit/build_derived/Build/Intermediates.noindex/ExifEditMac.build/Debug/ExifEditCore.build/ExifEditCore.hmap

WriteAuxiliaryFile /Users/chrislemarquand/Documents/Photography/Exifedit/build_derived/Build/Intermediates.noindex/ExifEditMac.build/Debug/ExifEditCore.build/Objects-normal/arm64/ExifEditCore_const_extract_protocols.json (in target 'ExifEditCore' from project 'ExifEditMac')
    cd /Users/chrislemarquand/Documents/Photography/Exifedit
    write-file /Users/chrislemarquand/Documents/Photography/Exifedit/build_derived/Build/Intermediates.noindex/ExifEditMac.build/Debug/ExifEditCore.build/Objects-normal/arm64/ExifEditCore_const_extract_protocols.json

WriteAuxiliaryFile /Users/chrislemarquand/Documents/Photography/Exifedit/build_derived/Build/Intermediates.noindex/ExifEditMac.build/Debug/ExifEditMac.build/Script-A10001300000000000000001.sh (in target 'ExifEditMac' from project 'ExifEditMac')
    cd /Users/chrislemarquand/Documents/Photography/Exifedit
    write-file /Users/chrislemarquand/Documents/Photography/Exifedit/build_derived/Build/Intermediates.noindex/ExifEditMac.build/Debug/ExifEditMac.build/Script-A10001300000000000000001.sh

WriteAuxiliaryFile /Users/chrislemarquand/Documents/Photography/Exifedit/build_derived/Build/Intermediates.noindex/ExifEditMac.build/Debug/ExifEditMac.build/Objects-normal/arm64/Lattice.LinkFileList (in target 'ExifEditMac' from project 'ExifEditMac')
    cd /Users/chrislemarquand/Documents/Photography/Exifedit
    write-file /Users/chrislemarquand/Documents/Photography/Exifedit/build_derived/Build/Intermediates.noindex/ExifEditMac.build/Debug/ExifEditMac.build/Objects-normal/arm64/Lattice.LinkFileList

WriteAuxiliaryFile /Users/chrislemarquand/Documents/Photography/Exifedit/build_derived/Build/Intermediates.noindex/ExifEditMac.build/Debug/ExifEditMac.build/Objects-normal/arm64/Lattice.SwiftFileList (in target 'ExifEditMac' from project 'ExifEditMac')
    cd /Users/chrislemarquand/Documents/Photography/Exifedit
    write-file /Users/chrislemarquand/Documents/Photography/Exifedit/build_derived/Build/Intermediates.noindex/ExifEditMac.build/Debug/ExifEditMac.build/Objects-normal/arm64/Lattice.SwiftFileList

WriteAuxiliaryFile /Users/chrislemarquand/Documents/Photography/Exifedit/build_derived/Build/Intermediates.noindex/ExifEditMac.build/Debug/ExifEditMac.build/Objects-normal/arm64/ExifEditMac-OutputFileMap.json (in target 'ExifEditMac' from project 'ExifEditMac')
    cd /Users/chrislemarquand/Documents/Photography/Exifedit
    write-file /Users/chrislemarquand/Documents/Photography/Exifedit/build_derived/Build/Intermediates.noindex/ExifEditMac.build/Debug/ExifEditMac.build/Objects-normal/arm64/ExifEditMac-OutputFileMap.json

WriteAuxiliaryFile /Users/chrislemarquand/Documents/Photography/Exifedit/build_derived/Build/Intermediates.noindex/ExifEditMac.build/Debug/ExifEditMac.build/Objects-normal/arm64/ExifEditMac_const_extract_protocols.json (in target 'ExifEditMac' from project 'ExifEditMac')
    cd /Users/chrislemarquand/Documents/Photography/Exifedit
    write-file /Users/chrislemarquand/Documents/Photography/Exifedit/build_derived/Build/Intermediates.noindex/ExifEditMac.build/Debug/ExifEditMac.build/Objects-normal/arm64/ExifEditMac_const_extract_protocols.json

WriteAuxiliaryFile /Users/chrislemarquand/Documents/Photography/Exifedit/build_derived/Build/Intermediates.noindex/ExifEditMac.build/Debug/ExifEditMac.build/Objects-normal/arm64/Lattice.SwiftConstValuesFileList (in target 'ExifEditMac' from project 'ExifEditMac')
    cd /Users/chrislemarquand/Documents/Photography/Exifedit
    write-file /Users/chrislemarquand/Documents/Photography/Exifedit/build_derived/Build/Intermediates.noindex/ExifEditMac.build/Debug/ExifEditMac.build/Objects-normal/arm64/Lattice.SwiftConstValuesFileList

WriteAuxiliaryFile /Users/chrislemarquand/Documents/Photography/Exifedit/build_derived/Build/Intermediates.noindex/ExifEditMac.build/Debug/ExifEditMac.build/Lattice.hmap (in target 'ExifEditMac' from project 'ExifEditMac')
    cd /Users/chrislemarquand/Documents/Photography/Exifedit
    write-file /Users/chrislemarquand/Documents/Photography/Exifedit/build_derived/Build/Intermediates.noindex/ExifEditMac.build/Debug/ExifEditMac.build/Lattice.hmap

WriteAuxiliaryFile /Users/chrislemarquand/Documents/Photography/Exifedit/build_derived/Build/Intermediates.noindex/ExifEditMac.build/Debug/ExifEditMac.build/Lattice.DependencyStaticMetadataFileList (in target 'ExifEditMac' from project 'ExifEditMac')
    cd /Users/chrislemarquand/Documents/Photography/Exifedit
    write-file /Users/chrislemarquand/Documents/Photography/Exifedit/build_derived/Build/Intermediates.noindex/ExifEditMac.build/Debug/ExifEditMac.build/Lattice.DependencyStaticMetadataFileList

WriteAuxiliaryFile /Users/chrislemarquand/Documents/Photography/Exifedit/build_derived/Build/Intermediates.noindex/ExifEditMac.build/Debug/ExifEditMac.build/Lattice.DependencyMetadataFileList (in target 'ExifEditMac' from project 'ExifEditMac')
    cd /Users/chrislemarquand/Documents/Photography/Exifedit
    write-file /Users/chrislemarquand/Documents/Photography/Exifedit/build_derived/Build/Intermediates.noindex/ExifEditMac.build/Debug/ExifEditMac.build/Lattice.DependencyMetadataFileList

WriteAuxiliaryFile /Users/chrislemarquand/Documents/Photography/Exifedit/build_derived/Build/Intermediates.noindex/ExifEditMac.build/Debug/ExifEditMac.build/Lattice-project-headers.hmap (in target 'ExifEditMac' from project 'ExifEditMac')
    cd /Users/chrislemarquand/Documents/Photography/Exifedit
    write-file /Users/chrislemarquand/Documents/Photography/Exifedit/build_derived/Build/Intermediates.noindex/ExifEditMac.build/Debug/ExifEditMac.build/Lattice-project-headers.hmap

WriteAuxiliaryFile /Users/chrislemarquand/Documents/Photography/Exifedit/build_derived/Build/Intermediates.noindex/ExifEditMac.build/Debug/ExifEditMac.build/Lattice-own-target-headers.hmap (in target 'ExifEditMac' from project 'ExifEditMac')
    cd /Users/chrislemarquand/Documents/Photography/Exifedit
    write-file /Users/chrislemarquand/Documents/Photography/Exifedit/build_derived/Build/Intermediates.noindex/ExifEditMac.build/Debug/ExifEditMac.build/Lattice-own-target-headers.hmap

WriteAuxiliaryFile /Users/chrislemarquand/Documents/Photography/Exifedit/build_derived/Build/Intermediates.noindex/ExifEditMac.build/Debug/ExifEditMac.build/Lattice-generated-files.hmap (in target 'ExifEditMac' from project 'ExifEditMac')
    cd /Users/chrislemarquand/Documents/Photography/Exifedit
    write-file /Users/chrislemarquand/Documents/Photography/Exifedit/build_derived/Build/Intermediates.noindex/ExifEditMac.build/Debug/ExifEditMac.build/Lattice-generated-files.hmap

WriteAuxiliaryFile /Users/chrislemarquand/Documents/Photography/Exifedit/build_derived/Build/Intermediates.noindex/ExifEditMac.build/Debug/ExifEditMac.build/Lattice-all-target-headers.hmap (in target 'ExifEditMac' from project 'ExifEditMac')
    cd /Users/chrislemarquand/Documents/Photography/Exifedit
    write-file /Users/chrislemarquand/Documents/Photography/Exifedit/build_derived/Build/Intermediates.noindex/ExifEditMac.build/Debug/ExifEditMac.build/Lattice-all-target-headers.hmap

WriteAuxiliaryFile /Users/chrislemarquand/Documents/Photography/Exifedit/build_derived/Build/Intermediates.noindex/ExifEditMac.build/Debug/ExifEditMac.build/Lattice-all-non-framework-target-headers.hmap (in target 'ExifEditMac' from project 'ExifEditMac')
    cd /Users/chrislemarquand/Documents/Photography/Exifedit
    write-file /Users/chrislemarquand/Documents/Photography/Exifedit/build_derived/Build/Intermediates.noindex/ExifEditMac.build/Debug/ExifEditMac.build/Lattice-all-non-framework-target-headers.hmap

WriteAuxiliaryFile /Users/chrislemarquand/Documents/Photography/Exifedit/build_derived/Build/Intermediates.noindex/ExifEditMac.build/Debug/ExifEditMac.build/Lattice-DebugDylibInstallName-normal-arm64.txt (in target 'ExifEditMac' from project 'ExifEditMac')
    cd /Users/chrislemarquand/Documents/Photography/Exifedit
    write-file /Users/chrislemarquand/Documents/Photography/Exifedit/build_derived/Build/Intermediates.noindex/ExifEditMac.build/Debug/ExifEditMac.build/Lattice-DebugDylibInstallName-normal-arm64.txt

WriteAuxiliaryFile /Users/chrislemarquand/Documents/Photography/Exifedit/build_derived/Build/Intermediates.noindex/ExifEditMac.build/Debug/ExifEditMac.build/Lattice-DebugDylibPath-normal-arm64.txt (in target 'ExifEditMac' from project 'ExifEditMac')
    cd /Users/chrislemarquand/Documents/Photography/Exifedit
    write-file /Users/chrislemarquand/Documents/Photography/Exifedit/build_derived/Build/Intermediates.noindex/ExifEditMac.build/Debug/ExifEditMac.build/Lattice-DebugDylibPath-normal-arm64.txt

WriteAuxiliaryFile /Users/chrislemarquand/Documents/Photography/Exifedit/build_derived/Build/Intermediates.noindex/ExifEditMac.build/Debug/ExifEditCore.build/Objects-normal/arm64/ExifEditCore.SwiftFileList (in target 'ExifEditCore' from project 'ExifEditMac')
    cd /Users/chrislemarquand/Documents/Photography/Exifedit
    write-file /Users/chrislemarquand/Documents/Photography/Exifedit/build_derived/Build/Intermediates.noindex/ExifEditMac.build/Debug/ExifEditCore.build/Objects-normal/arm64/ExifEditCore.SwiftFileList

WriteAuxiliaryFile /Users/chrislemarquand/Documents/Photography/Exifedit/build_derived/Build/Intermediates.noindex/ExifEditMac.build/Debug/ExifEditMac.build/DerivedSources/Entitlements.plist (in target 'ExifEditMac' from project 'ExifEditMac')
    cd /Users/chrislemarquand/Documents/Photography/Exifedit
    write-file /Users/chrislemarquand/Documents/Photography/Exifedit/build_derived/Build/Intermediates.noindex/ExifEditMac.build/Debug/ExifEditMac.build/DerivedSources/Entitlements.plist

WriteAuxiliaryFile /Users/chrislemarquand/Documents/Photography/Exifedit/build_derived/Build/Intermediates.noindex/ExifEditMac.build/Debug/ExifEditCore.build/Objects-normal/arm64/ExifEditCore.LinkFileList (in target 'ExifEditCore' from project 'ExifEditMac')
    cd /Users/chrislemarquand/Documents/Photography/Exifedit
    write-file /Users/chrislemarquand/Documents/Photography/Exifedit/build_derived/Build/Intermediates.noindex/ExifEditMac.build/Debug/ExifEditCore.build/Objects-normal/arm64/ExifEditCore.LinkFileList

WriteAuxiliaryFile /Users/chrislemarquand/Documents/Photography/Exifedit/build_derived/Build/Intermediates.noindex/ExifEditMac.build/Debug/ExifEditCore.build/Objects-normal/arm64/ExifEditCore.SwiftConstValuesFileList (in target 'ExifEditCore' from project 'ExifEditMac')
    cd /Users/chrislemarquand/Documents/Photography/Exifedit
    write-file /Users/chrislemarquand/Documents/Photography/Exifedit/build_derived/Build/Intermediates.noindex/ExifEditMac.build/Debug/ExifEditCore.build/Objects-normal/arm64/ExifEditCore.SwiftConstValuesFileList

WriteAuxiliaryFile /Users/chrislemarquand/Documents/Photography/Exifedit/build_derived/Build/Intermediates.noindex/ExifEditMac.build/Debug/ExifEditCore.build/Objects-normal/arm64/ExifEditCore-OutputFileMap.json (in target 'ExifEditCore' from project 'ExifEditMac')
    cd /Users/chrislemarquand/Documents/Photography/Exifedit
    write-file /Users/chrislemarquand/Documents/Photography/Exifedit/build_derived/Build/Intermediates.noindex/ExifEditMac.build/Debug/ExifEditCore.build/Objects-normal/arm64/ExifEditCore-OutputFileMap.json

WriteAuxiliaryFile /Users/chrislemarquand/Documents/Photography/Exifedit/build_derived/Build/Intermediates.noindex/ExifEditMac.build/Debug/ExifEditCore.build/ExifEditCore.DependencyStaticMetadataFileList (in target 'ExifEditCore' from project 'ExifEditMac')
    cd /Users/chrislemarquand/Documents/Photography/Exifedit
    write-file /Users/chrislemarquand/Documents/Photography/Exifedit/build_derived/Build/Intermediates.noindex/ExifEditMac.build/Debug/ExifEditCore.build/ExifEditCore.DependencyStaticMetadataFileList

WriteAuxiliaryFile /Users/chrislemarquand/Documents/Photography/Exifedit/build_derived/Build/Intermediates.noindex/ExifEditMac.build/Debug/ExifEditCore.build/ExifEditCore.DependencyMetadataFileList (in target 'ExifEditCore' from project 'ExifEditMac')
    cd /Users/chrislemarquand/Documents/Photography/Exifedit
    write-file /Users/chrislemarquand/Documents/Photography/Exifedit/build_derived/Build/Intermediates.noindex/ExifEditMac.build/Debug/ExifEditCore.build/ExifEditCore.DependencyMetadataFileList

WriteAuxiliaryFile /Users/chrislemarquand/Documents/Photography/Exifedit/build_derived/Build/Intermediates.noindex/ExifEditMac.build/Debug/ExifEditCore.build/ExifEditCore-all-non-framework-target-headers.hmap (in target 'ExifEditCore' from project 'ExifEditMac')
    cd /Users/chrislemarquand/Documents/Photography/Exifedit
    write-file /Users/chrislemarquand/Documents/Photography/Exifedit/build_derived/Build/Intermediates.noindex/ExifEditMac.build/Debug/ExifEditCore.build/ExifEditCore-all-non-framework-target-headers.hmap

WriteAuxiliaryFile /Users/chrislemarquand/Documents/Photography/Exifedit/build_derived/Build/Intermediates.noindex/ExifEditMac.build/Debug/ExifEditCore.build/DerivedSources/Entitlements.plist (in target 'ExifEditCore' from project 'ExifEditMac')
    cd /Users/chrislemarquand/Documents/Photography/Exifedit
    write-file /Users/chrislemarquand/Documents/Photography/Exifedit/build_derived/Build/Intermediates.noindex/ExifEditMac.build/Debug/ExifEditCore.build/DerivedSources/Entitlements.plist

MkDir /Users/chrislemarquand/Documents/Photography/Exifedit/build_derived/Build/Products/Debug/Lattice.app/Contents/Resources (in target 'ExifEditMac' from project 'ExifEditMac')
    cd /Users/chrislemarquand/Documents/Photography/Exifedit
    /bin/mkdir -p /Users/chrislemarquand/Documents/Photography/Exifedit/build_derived/Build/Products/Debug/Lattice.app/Contents/Resources

MkDir /Users/chrislemarquand/Documents/Photography/Exifedit/build_derived/Build/Products/Debug/Lattice.app/Contents/MacOS (in target 'ExifEditMac' from project 'ExifEditMac')
    cd /Users/chrislemarquand/Documents/Photography/Exifedit
    /bin/mkdir -p /Users/chrislemarquand/Documents/Photography/Exifedit/build_derived/Build/Products/Debug/Lattice.app/Contents/MacOS

MkDir /Users/chrislemarquand/Documents/Photography/Exifedit/build_derived/Build/Products/Debug/Lattice.app/Contents (in target 'ExifEditMac' from project 'ExifEditMac')
    cd /Users/chrislemarquand/Documents/Photography/Exifedit
    /bin/mkdir -p /Users/chrislemarquand/Documents/Photography/Exifedit/build_derived/Build/Products/Debug/Lattice.app/Contents

MkDir /Users/chrislemarquand/Documents/Photography/Exifedit/build_derived/Build/Products/Debug/Lattice.app (in target 'ExifEditMac' from project 'ExifEditMac')
    cd /Users/chrislemarquand/Documents/Photography/Exifedit
    /bin/mkdir -p /Users/chrislemarquand/Documents/Photography/Exifedit/build_derived/Build/Products/Debug/Lattice.app

ProcessProductPackaging "" /Users/chrislemarquand/Documents/Photography/Exifedit/build_derived/Build/Intermediates.noindex/ExifEditMac.build/Debug/ExifEditCore.build/libExifEditCore.a.xcent (in target 'ExifEditCore' from project 'ExifEditMac')
    cd /Users/chrislemarquand/Documents/Photography/Exifedit
    
    Entitlements:
    
    {
    "com.apple.application-identifier" = "";
}
    
    builtin-productPackagingUtility -entitlements -format xml -o /Users/chrislemarquand/Documents/Photography/Exifedit/build_derived/Build/Intermediates.noindex/ExifEditMac.build/Debug/ExifEditCore.build/libExifEditCore.a.xcent

ProcessProductPackagingDER /Users/chrislemarquand/Documents/Photography/Exifedit/build_derived/Build/Intermediates.noindex/ExifEditMac.build/Debug/ExifEditCore.build/libExifEditCore.a.xcent /Users/chrislemarquand/Documents/Photography/Exifedit/build_derived/Build/Intermediates.noindex/ExifEditMac.build/Debug/ExifEditCore.build/libExifEditCore.a.xcent.der (in target 'ExifEditCore' from project 'ExifEditMac')
    cd /Users/chrislemarquand/Documents/Photography/Exifedit
    /usr/bin/derq query -f xml -i /Users/chrislemarquand/Documents/Photography/Exifedit/build_derived/Build/Intermediates.noindex/ExifEditMac.build/Debug/ExifEditCore.build/libExifEditCore.a.xcent -o /Users/chrislemarquand/Documents/Photography/Exifedit/build_derived/Build/Intermediates.noindex/ExifEditMac.build/Debug/ExifEditCore.build/libExifEditCore.a.xcent.der --raw

SwiftDriver ExifEditCore normal arm64 com.apple.xcode.tools.swift.compiler (in target 'ExifEditCore' from project 'ExifEditMac')
    cd /Users/chrislemarquand/Documents/Photography/Exifedit
    builtin-SwiftDriver -- /Applications/Xcode.app/Contents/Developer/Toolchains/XcodeDefault.xctoolchain/usr/bin/swiftc -module-name ExifEditCore -Onone -enforce-exclusivity\=checked @/Users/chrislemarquand/Documents/Photography/Exifedit/build_derived/Build/Intermediates.noindex/ExifEditMac.build/Debug/ExifEditCore.build/Objects-normal/arm64/ExifEditCore.SwiftFileList -DDEBUG -enable-experimental-feature DebugDescriptionMacro -sdk /Applications/Xcode.app/Contents/Developer/Platforms/MacOSX.platform/Developer/SDKs/MacOSX26.2.sdk -target arm64-apple-macos26.0 -g -module-cache-path /Users/chrislemarquand/Documents/Photography/Exifedit/build_derived/ModuleCache.noindex -Xfrontend -serialize-debugging-options -profile-coverage-mapping -profile-generate -index-store-path /Users/chrislemarquand/Documents/Photography/Exifedit/build_derived/Index.noindex/DataStore -swift-version 6 -I /Users/chrislemarquand/Documents/Photography/Exifedit/build_derived/Build/Products/Debug -F /Users/chrislemarquand/Documents/Photography/Exifedit/build_derived/Build/Products/Debug -c -j8 -enable-batch-mode -incremental -Xcc -ivfsstatcache -Xcc /Users/chrislemarquand/Documents/Photography/Exifedit/build_derived/SDKStatCaches.noindex/macosx26.2-25C57-00fa09913b459cbbc988d1f6730289ae.sdkstatcache -output-file-map /Users/chrislemarquand/Documents/Photography/Exifedit/build_derived/Build/Intermediates.noindex/ExifEditMac.build/Debug/ExifEditCore.build/Objects-normal/arm64/ExifEditCore-OutputFileMap.json -use-frontend-parseable-output -save-temps -no-color-diagnostics -explicit-module-build -module-cache-path /Users/chrislemarquand/Documents/Photography/Exifedit/build_derived/Build/Intermediates.noindex/SwiftExplicitPrecompiledModules -clang-scanner-module-cache-path /Users/chrislemarquand/Documents/Photography/Exifedit/build_derived/ModuleCache.noindex -sdk-module-cache-path /Users/chrislemarquand/Documents/Photography/Exifedit/build_derived/ModuleCache.noindex -serialize-diagnostics -emit-dependencies -emit-module -emit-module-path /Users/chrislemarquand/Documents/Photography/Exifedit/build_derived/Build/Intermediates.noindex/ExifEditMac.build/Debug/ExifEditCore.build/Objects-normal/arm64/ExifEditCore.swiftmodule -validate-clang-modules-once -clang-build-session-file /Users/chrislemarquand/Documents/Photography/Exifedit/build_derived/ModuleCache.noindex/Session.modulevalidation -Xcc -I/Users/chrislemarquand/Documents/Photography/Exifedit/build_derived/Build/Intermediates.noindex/ExifEditMac.build/Debug/ExifEditCore.build/swift-overrides.hmap -emit-const-values -Xfrontend -const-gather-protocols-file -Xfrontend /Users/chrislemarquand/Documents/Photography/Exifedit/build_derived/Build/Intermediates.noindex/ExifEditMac.build/Debug/ExifEditCore.build/Objects-normal/arm64/ExifEditCore_const_extract_protocols.json -Xcc -iquote -Xcc /Users/chrislemarquand/Documents/Photography/Exifedit/build_derived/Build/Intermediates.noindex/ExifEditMac.build/Debug/ExifEditCore.build/ExifEditCore-generated-files.hmap -Xcc -I/Users/chrislemarquand/Documents/Photography/Exifedit/build_derived/Build/Intermediates.noindex/ExifEditMac.build/Debug/ExifEditCore.build/ExifEditCore-own-target-headers.hmap -Xcc -I/Users/chrislemarquand/Documents/Photography/Exifedit/build_derived/Build/Intermediates.noindex/ExifEditMac.build/Debug/ExifEditCore.build/ExifEditCore-all-target-headers.hmap -Xcc -iquote -Xcc /Users/chrislemarquand/Documents/Photography/Exifedit/build_derived/Build/Intermediates.noindex/ExifEditMac.build/Debug/ExifEditCore.build/ExifEditCore-project-headers.hmap -Xcc -I/Users/chrislemarquand/Documents/Photography/Exifedit/build_derived/Build/Products/Debug/include -Xcc -I/Users/chrislemarquand/Documents/Photography/Exifedit/build_derived/Build/Intermediates.noindex/ExifEditMac.build/Debug/ExifEditCore.build/DerivedSources-normal/arm64 -Xcc -I/Users/chrislemarquand/Documents/Photography/Exifedit/build_derived/Build/Intermediates.noindex/ExifEditMac.build/Debug/ExifEditCore.build/DerivedSources/arm64 -Xcc -I/Users/chrislemarquand/Documents/Photography/Exifedit/build_derived/Build/Intermediates.noindex/ExifEditMac.build/Debug/ExifEditCore.build/DerivedSources -emit-objc-header -emit-objc-header-path /Users/chrislemarquand/Documents/Photography/Exifedit/build_derived/Build/Intermediates.noindex/ExifEditMac.build/Debug/ExifEditCore.build/Objects-normal/arm64/ExifEditCore-Swift.h -working-directory /Users/chrislemarquand/Documents/Photography/Exifedit -experimental-emit-module-separately -disable-cmo

SwiftExplicitDependencyGeneratePcm arm64 /Users/chrislemarquand/Documents/Photography/Exifedit/build_derived/ModuleCache.noindex/_Builtin_stdbool-927DFLB3W90Y1H31L4OXZ3Z03.pcm

SwiftExplicitDependencyGeneratePcm arm64 /Users/chrislemarquand/Documents/Photography/Exifedit/build_derived/ModuleCache.noindex/ptrcheck-3XOB8A3436CLJ6QEEF18GLSNZ.pcm

SwiftExplicitDependencyGeneratePcm arm64 /Users/chrislemarquand/Documents/Photography/Exifedit/build_derived/ModuleCache.noindex/ptrauth-7EONH34UE5XYCRXWA8ZM5X111.pcm

SwiftExplicitDependencyGeneratePcm arm64 /Users/chrislemarquand/Documents/Photography/Exifedit/build_derived/ModuleCache.noindex/SwiftShims-981P6M93UE9RL8B8RTWYVGYSR.pcm

SwiftExplicitDependencyGeneratePcm arm64 /Users/chrislemarquand/Documents/Photography/Exifedit/build_derived/ModuleCache.noindex/_SwiftConcurrencyShims-5KMG5YMC3S7DQ4LEYT0UBZ2TI.pcm

SwiftExplicitDependencyGeneratePcm arm64 /Users/chrislemarquand/Documents/Photography/Exifedit/build_derived/ModuleCache.noindex/_AvailabilityInternal-6ONO7AAM4KPR80AV6EE3TM1JP.pcm

SwiftExplicitDependencyGeneratePcm arm64 /Users/chrislemarquand/Documents/Photography/Exifedit/build_derived/ModuleCache.noindex/_Builtin_stdarg-CLPPGCIYHF6ELBICPLGK2454U.pcm

SwiftExplicitDependencyGeneratePcm arm64 /Users/chrislemarquand/Documents/Photography/Exifedit/build_derived/ModuleCache.noindex/_Builtin_float-9OCH2RZH2K0VG10Z0VCPE6QOA.pcm

SwiftExplicitDependencyGeneratePcm arm64 /Users/chrislemarquand/Documents/Photography/Exifedit/build_derived/ModuleCache.noindex/_Builtin_stddef-7C4FP8HJYRZ9CM9T515WXZ45H.pcm

SwiftExplicitDependencyGeneratePcm arm64 /Users/chrislemarquand/Documents/Photography/Exifedit/build_derived/ModuleCache.noindex/_DarwinFoundation1-6GAI1ZFHP0370CL7RMYQM6QME.pcm

SwiftExplicitDependencyGeneratePcm arm64 /Users/chrislemarquand/Documents/Photography/Exifedit/build_derived/ModuleCache.noindex/_DarwinFoundation2-5ZY7GG3CPD5YKNHIGSYTYHV15.pcm

SwiftExplicitDependencyGeneratePcm arm64 /Users/chrislemarquand/Documents/Photography/Exifedit/build_derived/ModuleCache.noindex/_Builtin_limits-2LS28U2JBKWCYN5YDYVG40X2G.pcm

SwiftExplicitDependencyGeneratePcm arm64 /Users/chrislemarquand/Documents/Photography/Exifedit/build_derived/ModuleCache.noindex/sys_types-9GKA8XFR6BO7W8IAKQDK193ZW.pcm

SwiftExplicitDependencyGeneratePcm arm64 /Users/chrislemarquand/Documents/Photography/Exifedit/build_derived/ModuleCache.noindex/_Builtin_stdint-DMSAQ30F8NBNBF9XTNUUBMFIM.pcm

SwiftExplicitDependencyGeneratePcm arm64 /Users/chrislemarquand/Documents/Photography/Exifedit/build_derived/ModuleCache.noindex/libDER-88IQQVMH743PSHU8DVA1E1ZI8.pcm

SwiftExplicitDependencyGeneratePcm arm64 /Users/chrislemarquand/Documents/Photography/Exifedit/build_derived/ModuleCache.noindex/_DarwinFoundation3-4DBV4DKA2RKY6BSE1RFQRIYSR.pcm

SwiftExplicitDependencyGeneratePcm arm64 /Users/chrislemarquand/Documents/Photography/Exifedit/build_derived/ModuleCache.noindex/_Builtin_inttypes-2VH5ALSWRDFK6252X2B6WSSBK.pcm

SwiftExplicitDependencyGeneratePcm arm64 /Users/chrislemarquand/Documents/Photography/Exifedit/build_derived/ModuleCache.noindex/Darwin-75AV0RO96GFGAEZ8IK9KJZYM3.pcm

SwiftExplicitDependencyGeneratePcm arm64 /Users/chrislemarquand/Documents/Photography/Exifedit/build_derived/ModuleCache.noindex/launch-BXBB03884QIGS4PI8IG9LDRLE.pcm

SwiftExplicitDependencyGeneratePcm arm64 /Users/chrislemarquand/Documents/Photography/Exifedit/build_derived/ModuleCache.noindex/libkern-5MJC6ZO6K2VZ4641F0QJQVBBH.pcm

SwiftExplicitDependencyGeneratePcm arm64 /Users/chrislemarquand/Documents/Photography/Exifedit/build_derived/ModuleCache.noindex/MachO-E3RAJDYWZCMT9QJF4KPIOAT60.pcm

SwiftExplicitDependencyGeneratePcm arm64 /Users/chrislemarquand/Documents/Photography/Exifedit/build_derived/ModuleCache.noindex/ObjectiveC-D5I3WBBOMY21MIVUM9XET9J8Y.pcm

SwiftExplicitDependencyGeneratePcm arm64 /Users/chrislemarquand/Documents/Photography/Exifedit/build_derived/ModuleCache.noindex/os_object-4M5GZZV75LJXCOMQCBSYJ7T5P.pcm

SwiftExplicitDependencyGeneratePcm arm64 /Users/chrislemarquand/Documents/Photography/Exifedit/build_derived/ModuleCache.noindex/os_workgroup-2IRLCQDBAXIHWRGR4RX4ICEC5.pcm

SwiftExplicitDependencyGeneratePcm arm64 /Users/chrislemarquand/Documents/Photography/Exifedit/build_derived/ModuleCache.noindex/Dispatch-EHCPIE6TYJKKJIBRYQ0N7PGW0.pcm

SwiftExplicitDependencyGeneratePcm arm64 /Users/chrislemarquand/Documents/Photography/Exifedit/build_derived/ModuleCache.noindex/XPC-BD1GG6EC3JQEWUOCIRYLN4G9H.pcm

SwiftExplicitDependencyGeneratePcm arm64 /Users/chrislemarquand/Documents/Photography/Exifedit/build_derived/ModuleCache.noindex/CoreFoundation-4RVH3FHWEUQHJ0BPPWQCGTATI.pcm

SwiftExplicitDependencyGeneratePcm arm64 /Users/chrislemarquand/Documents/Photography/Exifedit/build_derived/ModuleCache.noindex/IOKit-BLX8IDQYQ0VBWJ9SPS7142INP.pcm

SwiftExplicitDependencyGeneratePcm arm64 /Users/chrislemarquand/Documents/Photography/Exifedit/build_derived/ModuleCache.noindex/Security-3254H60Y4KGYRTGRCYNDXFXQM.pcm

SwiftExplicitDependencyGeneratePcm arm64 /Users/chrislemarquand/Documents/Photography/Exifedit/build_derived/ModuleCache.noindex/CFNetwork-7UQXW0DWMKZIC56KX6LZIA6HL.pcm

SwiftExplicitDependencyGeneratePcm arm64 /Users/chrislemarquand/Documents/Photography/Exifedit/build_derived/ModuleCache.noindex/DiskArbitration-4ZRXJ0TR7TL9GPGVQPMPSZ9TQ.pcm

SwiftExplicitDependencyGeneratePcm arm64 /Users/chrislemarquand/Documents/Photography/Exifedit/build_derived/ModuleCache.noindex/CoreServices-8GANSNKSK631JCJWHJDRHGAP.pcm

SwiftExplicitDependencyGeneratePcm arm64 /Users/chrislemarquand/Documents/Photography/Exifedit/build_derived/ModuleCache.noindex/Foundation-28UK9OW7CAPH5FZL0PLH3J0RR.pcm

SwiftCompile normal arm64 Compiling\ ExifToolCommandBuilder.swift /Users/chrislemarquand/Documents/Photography/Exifedit/Sources/ExifEditCore/ExifToolCommandBuilder.swift (in target 'ExifEditCore' from project 'ExifEditMac')

SwiftCompile normal arm64 /Users/chrislemarquand/Documents/Photography/Exifedit/Sources/ExifEditCore/ExifToolCommandBuilder.swift (in target 'ExifEditCore' from project 'ExifEditMac')
    cd /Users/chrislemarquand/Documents/Photography/Exifedit
    

SwiftCompile normal arm64 Compiling\ MetadataValidator.swift /Users/chrislemarquand/Documents/Photography/Exifedit/Sources/ExifEditCore/MetadataValidator.swift (in target 'ExifEditCore' from project 'ExifEditMac')
SwiftCompile normal arm64 /Users/chrislemarquand/Documents/Photography/Exifedit/Sources/ExifEditCore/MetadataValidator.swift (in target 'ExifEditCore' from project 'ExifEditMac')
    cd /Users/chrislemarquand/Documents/Photography/Exifedit
    

SwiftCompile normal arm64 Compiling\ Domain.swift /Users/chrislemarquand/Documents/Photography/Exifedit/Sources/ExifEditCore/Domain.swift (in target 'ExifEditCore' from project 'ExifEditMac')
SwiftCompile normal arm64 /Users/chrislemarquand/Documents/Photography/Exifedit/Sources/ExifEditCore/Domain.swift (in target 'ExifEditCore' from project 'ExifEditMac')
    cd /Users/chrislemarquand/Documents/Photography/Exifedit
    

SwiftCompile normal arm64 Compiling\ BackupManager.swift /Users/chrislemarquand/Documents/Photography/Exifedit/Sources/ExifEditCore/BackupManager.swift (in target 'ExifEditCore' from project 'ExifEditMac')

SwiftCompile normal arm64 /Users/chrislemarquand/Documents/Photography/Exifedit/Sources/ExifEditCore/BackupManager.swift (in target 'ExifEditCore' from project 'ExifEditMac')
    cd /Users/chrislemarquand/Documents/Photography/Exifedit
    

SwiftCompile normal arm64 Compiling\ ExifEditEngine.swift /Users/chrislemarquand/Documents/Photography/Exifedit/Sources/ExifEditCore/ExifEditEngine.swift (in target 'ExifEditCore' from project 'ExifEditMac')

SwiftCompile normal arm64 /Users/chrislemarquand/Documents/Photography/Exifedit/Sources/ExifEditCore/ExifEditEngine.swift (in target 'ExifEditCore' from project 'ExifEditMac')
    cd /Users/chrislemarquand/Documents/Photography/Exifedit
    

SwiftEmitModule normal arm64 Emitting\ module\ for\ ExifEditCore (in target 'ExifEditCore' from project 'ExifEditMac')

EmitSwiftModule normal arm64 (in target 'ExifEditCore' from project 'ExifEditMac')
    cd /Users/chrislemarquand/Documents/Photography/Exifedit
    

SwiftCompile normal arm64 Compiling\ ExifToolService.swift /Users/chrislemarquand/Documents/Photography/Exifedit/Sources/ExifEditCore/ExifToolService.swift (in target 'ExifEditCore' from project 'ExifEditMac')

SwiftCompile normal arm64 /Users/chrislemarquand/Documents/Photography/Exifedit/Sources/ExifEditCore/ExifToolService.swift (in target 'ExifEditCore' from project 'ExifEditMac')
    cd /Users/chrislemarquand/Documents/Photography/Exifedit
    

SwiftDriverJobDiscovery normal arm64 Emitting module for ExifEditCore (in target 'ExifEditCore' from project 'ExifEditMac')

SwiftDriver\ Compilation\ Requirements ExifEditCore normal arm64 com.apple.xcode.tools.swift.compiler (in target 'ExifEditCore' from project 'ExifEditMac')
    cd /Users/chrislemarquand/Documents/Photography/Exifedit
    builtin-Swift-Compilation-Requirements -- /Applications/Xcode.app/Contents/Developer/Toolchains/XcodeDefault.xctoolchain/usr/bin/swiftc -module-name ExifEditCore -Onone -enforce-exclusivity\=checked @/Users/chrislemarquand/Documents/Photography/Exifedit/build_derived/Build/Intermediates.noindex/ExifEditMac.build/Debug/ExifEditCore.build/Objects-normal/arm64/ExifEditCore.SwiftFileList -DDEBUG -enable-experimental-feature DebugDescriptionMacro -sdk /Applications/Xcode.app/Contents/Developer/Platforms/MacOSX.platform/Developer/SDKs/MacOSX26.2.sdk -target arm64-apple-macos26.0 -g -module-cache-path /Users/chrislemarquand/Documents/Photography/Exifedit/build_derived/ModuleCache.noindex -Xfrontend -serialize-debugging-options -profile-coverage-mapping -profile-generate -index-store-path /Users/chrislemarquand/Documents/Photography/Exifedit/build_derived/Index.noindex/DataStore -swift-version 6 -I /Users/chrislemarquand/Documents/Photography/Exifedit/build_derived/Build/Products/Debug -F /Users/chrislemarquand/Documents/Photography/Exifedit/build_derived/Build/Products/Debug -c -j8 -enable-batch-mode -incremental -Xcc -ivfsstatcache -Xcc /Users/chrislemarquand/Documents/Photography/Exifedit/build_derived/SDKStatCaches.noindex/macosx26.2-25C57-00fa09913b459cbbc988d1f6730289ae.sdkstatcache -output-file-map /Users/chrislemarquand/Documents/Photography/Exifedit/build_derived/Build/Intermediates.noindex/ExifEditMac.build/Debug/ExifEditCore.build/Objects-normal/arm64/ExifEditCore-OutputFileMap.json -use-frontend-parseable-output -save-temps -no-color-diagnostics -explicit-module-build -module-cache-path /Users/chrislemarquand/Documents/Photography/Exifedit/build_derived/Build/Intermediates.noindex/SwiftExplicitPrecompiledModules -clang-scanner-module-cache-path /Users/chrislemarquand/Documents/Photography/Exifedit/build_derived/ModuleCache.noindex -sdk-module-cache-path /Users/chrislemarquand/Documents/Photography/Exifedit/build_derived/ModuleCache.noindex -serialize-diagnostics -emit-dependencies -emit-module -emit-module-path /Users/chrislemarquand/Documents/Photography/Exifedit/build_derived/Build/Intermediates.noindex/ExifEditMac.build/Debug/ExifEditCore.build/Objects-normal/arm64/ExifEditCore.swiftmodule -validate-clang-modules-once -clang-build-session-file /Users/chrislemarquand/Documents/Photography/Exifedit/build_derived/ModuleCache.noindex/Session.modulevalidation -Xcc -I/Users/chrislemarquand/Documents/Photography/Exifedit/build_derived/Build/Intermediates.noindex/ExifEditMac.build/Debug/ExifEditCore.build/swift-overrides.hmap -emit-const-values -Xfrontend -const-gather-protocols-file -Xfrontend /Users/chrislemarquand/Documents/Photography/Exifedit/build_derived/Build/Intermediates.noindex/ExifEditMac.build/Debug/ExifEditCore.build/Objects-normal/arm64/ExifEditCore_const_extract_protocols.json -Xcc -iquote -Xcc /Users/chrislemarquand/Documents/Photography/Exifedit/build_derived/Build/Intermediates.noindex/ExifEditMac.build/Debug/ExifEditCore.build/ExifEditCore-generated-files.hmap -Xcc -I/Users/chrislemarquand/Documents/Photography/Exifedit/build_derived/Build/Intermediates.noindex/ExifEditMac.build/Debug/ExifEditCore.build/ExifEditCore-own-target-headers.hmap -Xcc -I/Users/chrislemarquand/Documents/Photography/Exifedit/build_derived/Build/Intermediates.noindex/ExifEditMac.build/Debug/ExifEditCore.build/ExifEditCore-all-target-headers.hmap -Xcc -iquote -Xcc /Users/chrislemarquand/Documents/Photography/Exifedit/build_derived/Build/Intermediates.noindex/ExifEditMac.build/Debug/ExifEditCore.build/ExifEditCore-project-headers.hmap -Xcc -I/Users/chrislemarquand/Documents/Photography/Exifedit/build_derived/Build/Products/Debug/include -Xcc -I/Users/chrislemarquand/Documents/Photography/Exifedit/build_derived/Build/Intermediates.noindex/ExifEditMac.build/Debug/ExifEditCore.build/DerivedSources-normal/arm64 -Xcc -I/Users/chrislemarquand/Documents/Photography/Exifedit/build_derived/Build/Intermediates.noindex/ExifEditMac.build/Debug/ExifEditCore.build/DerivedSources/arm64 -Xcc -I/Users/chrislemarquand/Documents/Photography/Exifedit/build_derived/Build/Intermediates.noindex/ExifEditMac.build/Debug/ExifEditCore.build/DerivedSources -emit-objc-header -emit-objc-header-path /Users/chrislemarquand/Documents/Photography/Exifedit/build_derived/Build/Intermediates.noindex/ExifEditMac.build/Debug/ExifEditCore.build/Objects-normal/arm64/ExifEditCore-Swift.h -working-directory /Users/chrislemarquand/Documents/Photography/Exifedit -experimental-emit-module-separately -disable-cmo

SwiftMergeGeneratedHeaders /Users/chrislemarquand/Documents/Photography/Exifedit/build_derived/Build/Intermediates.noindex/ExifEditMac.build/Debug/ExifEditCore.build/DerivedSources/ExifEditCore-Swift.h /Users/chrislemarquand/Documents/Photography/Exifedit/build_derived/Build/Intermediates.noindex/ExifEditMac.build/Debug/ExifEditCore.build/Objects-normal/arm64/ExifEditCore-Swift.h (in target 'ExifEditCore' from project 'ExifEditMac')
    cd /Users/chrislemarquand/Documents/Photography/Exifedit
    builtin-swiftHeaderTool -arch arm64 /Users/chrislemarquand/Documents/Photography/Exifedit/build_derived/Build/Intermediates.noindex/ExifEditMac.build/Debug/ExifEditCore.build/Objects-normal/arm64/ExifEditCore-Swift.h -o /Users/chrislemarquand/Documents/Photography/Exifedit/build_derived/Build/Intermediates.noindex/ExifEditMac.build/Debug/ExifEditCore.build/DerivedSources/ExifEditCore-Swift.h

Copy /Users/chrislemarquand/Documents/Photography/Exifedit/build_derived/Build/Products/Debug/ExifEditCore.swiftmodule/arm64-apple-macos.swiftmodule /Users/chrislemarquand/Documents/Photography/Exifedit/build_derived/Build/Intermediates.noindex/ExifEditMac.build/Debug/ExifEditCore.build/Objects-normal/arm64/ExifEditCore.swiftmodule (in target 'ExifEditCore' from project 'ExifEditMac')
    cd /Users/chrislemarquand/Documents/Photography/Exifedit
    builtin-copy -exclude .DS_Store -exclude CVS -exclude .svn -exclude .git -exclude .hg -resolve-src-symlinks -rename /Users/chrislemarquand/Documents/Photography/Exifedit/build_derived/Build/Intermediates.noindex/ExifEditMac.build/Debug/ExifEditCore.build/Objects-normal/arm64/ExifEditCore.swiftmodule /Users/chrislemarquand/Documents/Photography/Exifedit/build_derived/Build/Products/Debug/ExifEditCore.swiftmodule/arm64-apple-macos.swiftmodule

Copy /Users/chrislemarquand/Documents/Photography/Exifedit/build_derived/Build/Products/Debug/ExifEditCore.swiftmodule/arm64-apple-macos.swiftdoc /Users/chrislemarquand/Documents/Photography/Exifedit/build_derived/Build/Intermediates.noindex/ExifEditMac.build/Debug/ExifEditCore.build/Objects-normal/arm64/ExifEditCore.swiftdoc (in target 'ExifEditCore' from project 'ExifEditMac')
    cd /Users/chrislemarquand/Documents/Photography/Exifedit
    builtin-copy -exclude .DS_Store -exclude CVS -exclude .svn -exclude .git -exclude .hg -resolve-src-symlinks -rename /Users/chrislemarquand/Documents/Photography/Exifedit/build_derived/Build/Intermediates.noindex/ExifEditMac.build/Debug/ExifEditCore.build/Objects-normal/arm64/ExifEditCore.swiftdoc /Users/chrislemarquand/Documents/Photography/Exifedit/build_derived/Build/Products/Debug/ExifEditCore.swiftmodule/arm64-apple-macos.swiftdoc

Copy /Users/chrislemarquand/Documents/Photography/Exifedit/build_derived/Build/Products/Debug/ExifEditCore.swiftmodule/arm64-apple-macos.abi.json /Users/chrislemarquand/Documents/Photography/Exifedit/build_derived/Build/Intermediates.noindex/ExifEditMac.build/Debug/ExifEditCore.build/Objects-normal/arm64/ExifEditCore.abi.json (in target 'ExifEditCore' from project 'ExifEditMac')
    cd /Users/chrislemarquand/Documents/Photography/Exifedit
    builtin-copy -exclude .DS_Store -exclude CVS -exclude .svn -exclude .git -exclude .hg -resolve-src-symlinks -rename /Users/chrislemarquand/Documents/Photography/Exifedit/build_derived/Build/Intermediates.noindex/ExifEditMac.build/Debug/ExifEditCore.build/Objects-normal/arm64/ExifEditCore.abi.json /Users/chrislemarquand/Documents/Photography/Exifedit/build_derived/Build/Products/Debug/ExifEditCore.swiftmodule/arm64-apple-macos.abi.json

Copy /Users/chrislemarquand/Documents/Photography/Exifedit/build_derived/Build/Products/Debug/ExifEditCore.swiftmodule/Project/arm64-apple-macos.swiftsourceinfo /Users/chrislemarquand/Documents/Photography/Exifedit/build_derived/Build/Intermediates.noindex/ExifEditMac.build/Debug/ExifEditCore.build/Objects-normal/arm64/ExifEditCore.swiftsourceinfo (in target 'ExifEditCore' from project 'ExifEditMac')
    cd /Users/chrislemarquand/Documents/Photography/Exifedit
    builtin-copy -exclude .DS_Store -exclude CVS -exclude .svn -exclude .git -exclude .hg -resolve-src-symlinks -rename /Users/chrislemarquand/Documents/Photography/Exifedit/build_derived/Build/Intermediates.noindex/ExifEditMac.build/Debug/ExifEditCore.build/Objects-normal/arm64/ExifEditCore.swiftsourceinfo /Users/chrislemarquand/Documents/Photography/Exifedit/build_derived/Build/Products/Debug/ExifEditCore.swiftmodule/Project/arm64-apple-macos.swiftsourceinfo

ProcessProductPackaging /Users/chrislemarquand/Documents/Photography/Exifedit/Config/ExifEditMac.entitlements /Users/chrislemarquand/Documents/Photography/Exifedit/build_derived/Build/Intermediates.noindex/ExifEditMac.build/Debug/ExifEditMac.build/Lattice.app.xcent (in target 'ExifEditMac' from project 'ExifEditMac')
    cd /Users/chrislemarquand/Documents/Photography/Exifedit
    
    Entitlements:
    
    {
    "com.apple.security.app-sandbox" = 0;
    "com.apple.security.get-task-allow" = 1;
}
    
    builtin-productPackagingUtility /Users/chrislemarquand/Documents/Photography/Exifedit/Config/ExifEditMac.entitlements -entitlements -format xml -o /Users/chrislemarquand/Documents/Photography/Exifedit/build_derived/Build/Intermediates.noindex/ExifEditMac.build/Debug/ExifEditMac.build/Lattice.app.xcent

ProcessProductPackagingDER /Users/chrislemarquand/Documents/Photography/Exifedit/build_derived/Build/Intermediates.noindex/ExifEditMac.build/Debug/ExifEditMac.build/Lattice.app.xcent /Users/chrislemarquand/Documents/Photography/Exifedit/build_derived/Build/Intermediates.noindex/ExifEditMac.build/Debug/ExifEditMac.build/Lattice.app.xcent.der (in target 'ExifEditMac' from project 'ExifEditMac')
    cd /Users/chrislemarquand/Documents/Photography/Exifedit
    /usr/bin/derq query -f xml -i /Users/chrislemarquand/Documents/Photography/Exifedit/build_derived/Build/Intermediates.noindex/ExifEditMac.build/Debug/ExifEditMac.build/Lattice.app.xcent -o /Users/chrislemarquand/Documents/Photography/Exifedit/build_derived/Build/Intermediates.noindex/ExifEditMac.build/Debug/ExifEditMac.build/Lattice.app.xcent.der --raw

MkDir /Users/chrislemarquand/Documents/Photography/Exifedit/build_derived/Build/Intermediates.noindex/ExifEditMac.build/Debug/ExifEditMac.build/assetcatalog_output/unthinned (in target 'ExifEditMac' from project 'ExifEditMac')
    cd /Users/chrislemarquand/Documents/Photography/Exifedit
    /bin/mkdir -p /Users/chrislemarquand/Documents/Photography/Exifedit/build_derived/Build/Intermediates.noindex/ExifEditMac.build/Debug/ExifEditMac.build/assetcatalog_output/unthinned

MkDir /Users/chrislemarquand/Documents/Photography/Exifedit/build_derived/Build/Intermediates.noindex/ExifEditMac.build/Debug/ExifEditMac.build/assetcatalog_output/thinned (in target 'ExifEditMac' from project 'ExifEditMac')
    cd /Users/chrislemarquand/Documents/Photography/Exifedit
    /bin/mkdir -p /Users/chrislemarquand/Documents/Photography/Exifedit/build_derived/Build/Intermediates.noindex/ExifEditMac.build/Debug/ExifEditMac.build/assetcatalog_output/thinned

GenerateAssetSymbols /Users/chrislemarquand/Documents/Photography/Exifedit/Assets.xcassets /Users/chrislemarquand/Documents/Photography/Exifedit/AppIcon.icon (in target 'ExifEditMac' from project 'ExifEditMac')
    cd /Users/chrislemarquand/Documents/Photography/Exifedit
    /Applications/Xcode.app/Contents/Developer/usr/bin/actool /Users/chrislemarquand/Documents/Photography/Exifedit/Assets.xcassets /Users/chrislemarquand/Documents/Photography/Exifedit/AppIcon.icon --compile /Users/chrislemarquand/Documents/Photography/Exifedit/build_derived/Build/Products/Debug/Lattice.app/Contents/Resources --output-format human-readable-text --notices --warnings --export-dependency-info /Users/chrislemarquand/Documents/Photography/Exifedit/build_derived/Build/Intermediates.noindex/ExifEditMac.build/Debug/ExifEditMac.build/assetcatalog_dependencies --output-partial-info-plist /Users/chrislemarquand/Documents/Photography/Exifedit/build_derived/Build/Intermediates.noindex/ExifEditMac.build/Debug/ExifEditMac.build/assetcatalog_generated_info.plist --app-icon AppIcon --include-all-app-icons --accent-color BrandAccent --enable-on-demand-resources NO --development-region en --target-device mac --minimum-deployment-target 26.0 --platform macosx --bundle-identifier com.chrislemarquand.Lattice --generate-swift-asset-symbol-extensions NO --generate-swift-asset-symbols /Users/chrislemarquand/Documents/Photography/Exifedit/build_derived/Build/Intermediates.noindex/ExifEditMac.build/Debug/ExifEditMac.build/DerivedSources/GeneratedAssetSymbols.swift --generate-objc-asset-symbols /Users/chrislemarquand/Documents/Photography/Exifedit/build_derived/Build/Intermediates.noindex/ExifEditMac.build/Debug/ExifEditMac.build/DerivedSources/GeneratedAssetSymbols.h --generate-asset-symbol-index /Users/chrislemarquand/Documents/Photography/Exifedit/build_derived/Build/Intermediates.noindex/ExifEditMac.build/Debug/ExifEditMac.build/DerivedSources/GeneratedAssetSymbols-Index.plist
2026-02-22 23:39:52.237 ibtoold[90563:1765934] CoreSimulatorService connection became invalid.  Simulator services will no longer be available.
2026-02-22 23:39:52.241 ibtoold[90563:1765938] Logging connecton invalid: <OS_xpc_error: <dictionary: 0x207cebc10> { count = 1, transaction: 0, voucher = 0x0, contents =
	"XPCErrorDescription" => <string: 0x207cebd58> { string cache = 0x0, length = 18, contents = "Connection invalid" }
}>
2026-02-22 23:39:52.241 ibtoold[90563:1765934] Error opening log file (/Users/chrislemarquand/Library/Logs/CoreSimulator/CoreSimulator.com.apple.ibtool.log): Operation not permitted
[-[SimServiceContext sendRequest:]:1743] ERROR : Unable to deliver request ({
    "developer_dir" = "/Applications/Xcode.app/Contents/Developer";
    request = "set_developer_dir";
}) because we are not connected to CoreSimulatorService.
[-[SimServiceContext initWithDeveloperDir:connectionType:error:]:450] WARN  : Unable to discover any Simulator runtimes. Developer Directory is /Applications/Xcode.app/Contents/Developer.
[-[SimDiskImageManager init]:175] ERROR : Could not kickstart simdiskimaged; SimDiskImageManager services will not be available: Error Domain=NSPOSIXErrorDomain Code=53 "Software caused connection abort" UserInfo={NSLocalizedDescription=Error returned in reply from CoreSimulatorService: Connection invalid}
[-[SimDiskImageManager _onQueue_checkConnection:]:239] ERROR : simdiskimaged returned error (invalid), marking disconnected.
[-[SimServiceContext initWithDeveloperDir:connectionType:error:]_block_invoke:486] ERROR : Could not get list of trusted mount directories: Error Domain=com.apple.CoreSimulator.SimError Code=410 "The service used to manage runtime disk images (simdiskimaged) crashed or is not responding" UserInfo={NSLocalizedDescription=The service used to manage runtime disk images (simdiskimaged) crashed or is not responding}
[-[SimDiskImageManager _onQueue_checkConnection:]:239] ERROR : simdiskimaged returned error (invalid), marking disconnected.
2026-02-22 23:39:52.312 ibtoold[90563:1765669] Error Domain=NSPOSIXErrorDomain Code=61 "Connection refused" UserInfo={NSLocalizedDescription=CoreSimulatorService connection became invalid.  Simulator services will no longer be available.}
[-[SimServiceContext sendRequest:reply:error:]:1763] ERROR : Unable to deliver request ({
    request = "notification_subscription";
    "set_path" = "/Users/chrislemarquand/Library/Developer/CoreSimulator/Devices";
}) because we are not connected to CoreSimulatorService.
/* com.apple.actool.compilation-results */
/Users/chrislemarquand/Documents/Photography/Exifedit/build_derived/Build/Intermediates.noindex/ExifEditMac.build/Debug/ExifEditMac.build/DerivedSources/GeneratedAssetSymbols-Index.plist
/Users/chrislemarquand/Documents/Photography/Exifedit/build_derived/Build/Intermediates.noindex/ExifEditMac.build/Debug/ExifEditMac.build/DerivedSources/GeneratedAssetSymbols.h
/Users/chrislemarquand/Documents/Photography/Exifedit/build_derived/Build/Intermediates.noindex/ExifEditMac.build/Debug/ExifEditMac.build/DerivedSources/GeneratedAssetSymbols.swift


CompileAssetCatalogVariant thinned /Users/chrislemarquand/Documents/Photography/Exifedit/build_derived/Build/Products/Debug/Lattice.app/Contents/Resources /Users/chrislemarquand/Documents/Photography/Exifedit/Assets.xcassets /Users/chrislemarquand/Documents/Photography/Exifedit/AppIcon.icon (in target 'ExifEditMac' from project 'ExifEditMac')
    cd /Users/chrislemarquand/Documents/Photography/Exifedit
    /Applications/Xcode.app/Contents/Developer/usr/bin/actool /Users/chrislemarquand/Documents/Photography/Exifedit/Assets.xcassets /Users/chrislemarquand/Documents/Photography/Exifedit/AppIcon.icon --compile /Users/chrislemarquand/Documents/Photography/Exifedit/build_derived/Build/Intermediates.noindex/ExifEditMac.build/Debug/ExifEditMac.build/assetcatalog_output/thinned --output-format human-readable-text --notices --warnings --export-dependency-info /Users/chrislemarquand/Documents/Photography/Exifedit/build_derived/Build/Intermediates.noindex/ExifEditMac.build/Debug/ExifEditMac.build/assetcatalog_dependencies_thinned --output-partial-info-plist /Users/chrislemarquand/Documents/Photography/Exifedit/build_derived/Build/Intermediates.noindex/ExifEditMac.build/Debug/ExifEditMac.build/assetcatalog_generated_info.plist_thinned --app-icon AppIcon --include-all-app-icons --accent-color BrandAccent --enable-on-demand-resources NO --development-region en --target-device mac --minimum-deployment-target 26.0 --platform macosx
error: unable to open dependencies file (/Users/chrislemarquand/Documents/Photography/Exifedit/build_derived/Build/Intermediates.noindex/ExifEditMac.build/Debug/ExifEditMac.build/assetcatalog_dependencies_thinned) (in target 'ExifEditMac' from project 'ExifEditMac')
2026-02-22 23:39:52.178 ibtoold[90564:1765911] CoreSimulatorService connection became invalid.  Simulator services will no longer be available.
2026-02-22 23:39:52.182 ibtoold[90564:1765921] Logging connecton invalid: <OS_xpc_error: <dictionary: 0x207cebc10> { count = 1, transaction: 0, voucher = 0x0, contents =
	"XPCErrorDescription" => <string: 0x207cebd58> { string cache = 0x0, length = 18, contents = "Connection invalid" }
}>
2026-02-22 23:39:52.183 ibtoold[90564:1765920] Error opening log file (/Users/chrislemarquand/Library/Logs/CoreSimulator/CoreSimulator.com.apple.ibtool.log): Operation not permitted
[-[SimServiceContext sendRequest:]:1743] ERROR : Unable to deliver request ({
    "developer_dir" = "/Applications/Xcode.app/Contents/Developer";
    request = "set_developer_dir";
}) because we are not connected to CoreSimulatorService.
[-[SimServiceContext initWithDeveloperDir:connectionType:error:]:450] WARN  : Unable to discover any Simulator runtimes. Developer Directory is /Applications/Xcode.app/Contents/Developer.
[-[SimDiskImageManager init]:175] ERROR : Could not kickstart simdiskimaged; SimDiskImageManager services will not be available: Error Domain=NSPOSIXErrorDomain Code=53 "Software caused connection abort" UserInfo={NSLocalizedDescription=Error returned in reply from CoreSimulatorService: Connection invalid}
[-[SimDiskImageManager _onQueue_checkConnection:]:239] ERROR : simdiskimaged returned error (invalid), marking disconnected.
[-[SimServiceContext initWithDeveloperDir:connectionType:error:]_block_invoke:486] ERROR : Could not get list of trusted mount directories: Error Domain=com.apple.CoreSimulator.SimError Code=410 "The service used to manage runtime disk images (simdiskimaged) crashed or is not responding" UserInfo={NSLocalizedDescription=The service used to manage runtime disk images (simdiskimaged) crashed or is not responding}
[-[SimDiskImageManager _onQueue_checkConnection:]:239] ERROR : simdiskimaged returned error (invalid), marking disconnected.
[-[SimServiceContext sendRequest:reply:error:]:1763] ERROR : Unable to deliver request ({
    request = "notification_subscription";
    "set_path" = "/Users/chrislemarquand/Library/Developer/CoreSimulator/Devices";
}) because we are not connected to CoreSimulatorService.
2026-02-22 23:39:52.274 ibtoold[90564:1765667] Error Domain=NSPOSIXErrorDomain Code=61 "Connection refused" UserInfo={NSLocalizedDescription=CoreSimulatorService connection became invalid.  Simulator services will no longer be available.}
The file “AppIcon” couldn’t be opened.
/* com.apple.actool.notices */
warning: Icon export exited with status 255, signal 0

SwiftDriverJobDiscovery normal arm64 Compiling ExifToolCommandBuilder.swift (in target 'ExifEditCore' from project 'ExifEditMac')

SwiftDriverJobDiscovery normal arm64 Compiling ExifEditEngine.swift (in target 'ExifEditCore' from project 'ExifEditMac')

SwiftDriverJobDiscovery normal arm64 Compiling MetadataValidator.swift (in target 'ExifEditCore' from project 'ExifEditMac')

SwiftDriverJobDiscovery normal arm64 Compiling BackupManager.swift (in target 'ExifEditCore' from project 'ExifEditMac')

SwiftDriverJobDiscovery normal arm64 Compiling ExifToolService.swift (in target 'ExifEditCore' from project 'ExifEditMac')

SwiftDriverJobDiscovery normal arm64 Compiling Domain.swift (in target 'ExifEditCore' from project 'ExifEditMac')

SwiftDriver\ Compilation ExifEditCore normal arm64 com.apple.xcode.tools.swift.compiler (in target 'ExifEditCore' from project 'ExifEditMac')
    cd /Users/chrislemarquand/Documents/Photography/Exifedit
    builtin-Swift-Compilation -- /Applications/Xcode.app/Contents/Developer/Toolchains/XcodeDefault.xctoolchain/usr/bin/swiftc -module-name ExifEditCore -Onone -enforce-exclusivity\=checked @/Users/chrislemarquand/Documents/Photography/Exifedit/build_derived/Build/Intermediates.noindex/ExifEditMac.build/Debug/ExifEditCore.build/Objects-normal/arm64/ExifEditCore.SwiftFileList -DDEBUG -enable-experimental-feature DebugDescriptionMacro -sdk /Applications/Xcode.app/Contents/Developer/Platforms/MacOSX.platform/Developer/SDKs/MacOSX26.2.sdk -target arm64-apple-macos26.0 -g -module-cache-path /Users/chrislemarquand/Documents/Photography/Exifedit/build_derived/ModuleCache.noindex -Xfrontend -serialize-debugging-options -profile-coverage-mapping -profile-generate -index-store-path /Users/chrislemarquand/Documents/Photography/Exifedit/build_derived/Index.noindex/DataStore -swift-version 6 -I /Users/chrislemarquand/Documents/Photography/Exifedit/build_derived/Build/Products/Debug -F /Users/chrislemarquand/Documents/Photography/Exifedit/build_derived/Build/Products/Debug -c -j8 -enable-batch-mode -incremental -Xcc -ivfsstatcache -Xcc /Users/chrislemarquand/Documents/Photography/Exifedit/build_derived/SDKStatCaches.noindex/macosx26.2-25C57-00fa09913b459cbbc988d1f6730289ae.sdkstatcache -output-file-map /Users/chrislemarquand/Documents/Photography/Exifedit/build_derived/Build/Intermediates.noindex/ExifEditMac.build/Debug/ExifEditCore.build/Objects-normal/arm64/ExifEditCore-OutputFileMap.json -use-frontend-parseable-output -save-temps -no-color-diagnostics -explicit-module-build -module-cache-path /Users/chrislemarquand/Documents/Photography/Exifedit/build_derived/Build/Intermediates.noindex/SwiftExplicitPrecompiledModules -clang-scanner-module-cache-path /Users/chrislemarquand/Documents/Photography/Exifedit/build_derived/ModuleCache.noindex -sdk-module-cache-path /Users/chrislemarquand/Documents/Photography/Exifedit/build_derived/ModuleCache.noindex -serialize-diagnostics -emit-dependencies -emit-module -emit-module-path /Users/chrislemarquand/Documents/Photography/Exifedit/build_derived/Build/Intermediates.noindex/ExifEditMac.build/Debug/ExifEditCore.build/Objects-normal/arm64/ExifEditCore.swiftmodule -validate-clang-modules-once -clang-build-session-file /Users/chrislemarquand/Documents/Photography/Exifedit/build_derived/ModuleCache.noindex/Session.modulevalidation -Xcc -I/Users/chrislemarquand/Documents/Photography/Exifedit/build_derived/Build/Intermediates.noindex/ExifEditMac.build/Debug/ExifEditCore.build/swift-overrides.hmap -emit-const-values -Xfrontend -const-gather-protocols-file -Xfrontend /Users/chrislemarquand/Documents/Photography/Exifedit/build_derived/Build/Intermediates.noindex/ExifEditMac.build/Debug/ExifEditCore.build/Objects-normal/arm64/ExifEditCore_const_extract_protocols.json -Xcc -iquote -Xcc /Users/chrislemarquand/Documents/Photography/Exifedit/build_derived/Build/Intermediates.noindex/ExifEditMac.build/Debug/ExifEditCore.build/ExifEditCore-generated-files.hmap -Xcc -I/Users/chrislemarquand/Documents/Photography/Exifedit/build_derived/Build/Intermediates.noindex/ExifEditMac.build/Debug/ExifEditCore.build/ExifEditCore-own-target-headers.hmap -Xcc -I/Users/chrislemarquand/Documents/Photography/Exifedit/build_derived/Build/Intermediates.noindex/ExifEditMac.build/Debug/ExifEditCore.build/ExifEditCore-all-target-headers.hmap -Xcc -iquote -Xcc /Users/chrislemarquand/Documents/Photography/Exifedit/build_derived/Build/Intermediates.noindex/ExifEditMac.build/Debug/ExifEditCore.build/ExifEditCore-project-headers.hmap -Xcc -I/Users/chrislemarquand/Documents/Photography/Exifedit/build_derived/Build/Products/Debug/include -Xcc -I/Users/chrislemarquand/Documents/Photography/Exifedit/build_derived/Build/Intermediates.noindex/ExifEditMac.build/Debug/ExifEditCore.build/DerivedSources-normal/arm64 -Xcc -I/Users/chrislemarquand/Documents/Photography/Exifedit/build_derived/Build/Intermediates.noindex/ExifEditMac.build/Debug/ExifEditCore.build/DerivedSources/arm64 -Xcc -I/Users/chrislemarquand/Documents/Photography/Exifedit/build_derived/Build/Intermediates.noindex/ExifEditMac.build/Debug/ExifEditCore.build/DerivedSources -emit-objc-header -emit-objc-header-path /Users/chrislemarquand/Documents/Photography/Exifedit/build_derived/Build/Intermediates.noindex/ExifEditMac.build/Debug/ExifEditCore.build/Objects-normal/arm64/ExifEditCore-Swift.h -working-directory /Users/chrislemarquand/Documents/Photography/Exifedit -experimental-emit-module-separately -disable-cmo

Libtool /Users/chrislemarquand/Documents/Photography/Exifedit/build_derived/Build/Products/Debug/libExifEditCore.a normal (in target 'ExifEditCore' from project 'ExifEditMac')
    cd /Users/chrislemarquand/Documents/Photography/Exifedit
    /Applications/Xcode.app/Contents/Developer/Toolchains/XcodeDefault.xctoolchain/usr/bin/libtool -static -arch_only arm64 -D -syslibroot /Applications/Xcode.app/Contents/Developer/Platforms/MacOSX.platform/Developer/SDKs/MacOSX26.2.sdk -L/Users/chrislemarquand/Documents/Photography/Exifedit/build_derived/Build/Products/Debug -filelist /Users/chrislemarquand/Documents/Photography/Exifedit/build_derived/Build/Intermediates.noindex/ExifEditMac.build/Debug/ExifEditCore.build/Objects-normal/arm64/ExifEditCore.LinkFileList -dependency_info /Users/chrislemarquand/Documents/Photography/Exifedit/build_derived/Build/Intermediates.noindex/ExifEditMac.build/Debug/ExifEditCore.build/Objects-normal/arm64/ExifEditCore_libtool_dependency_info.dat -o /Users/chrislemarquand/Documents/Photography/Exifedit/build_derived/Build/Products/Debug/libExifEditCore.a

ExtractAppIntentsMetadata (in target 'ExifEditCore' from project 'ExifEditMac')
    cd /Users/chrislemarquand/Documents/Photography/Exifedit
    /Applications/Xcode.app/Contents/Developer/Toolchains/XcodeDefault.xctoolchain/usr/bin/appintentsmetadataprocessor --toolchain-dir /Applications/Xcode.app/Contents/Developer/Toolchains/XcodeDefault.xctoolchain --module-name ExifEditCore --sdk-root /Applications/Xcode.app/Contents/Developer/Platforms/MacOSX.platform/Developer/SDKs/MacOSX26.2.sdk --xcode-version 17C52 --platform-family macOS --deployment-target 26.0 --output /Users/chrislemarquand/Documents/Photography/Exifedit/build_derived/Build/Products/Debug/ExifEditCore.appintents --target-triple arm64-apple-macos26.0 --binary-file /Users/chrislemarquand/Documents/Photography/Exifedit/build_derived/Build/Products/Debug/libExifEditCore.a --dependency-file /Users/chrislemarquand/Documents/Photography/Exifedit/build_derived/Build/Intermediates.noindex/ExifEditMac.build/Debug/ExifEditCore.build/Objects-normal/arm64/ExifEditCore_libtool_dependency_info.dat --stringsdata-file /Users/chrislemarquand/Documents/Photography/Exifedit/build_derived/Build/Intermediates.noindex/ExifEditMac.build/Debug/ExifEditCore.build/Objects-normal/arm64/ExtractedAppShortcutsMetadata.stringsdata --source-file-list /Users/chrislemarquand/Documents/Photography/Exifedit/build_derived/Build/Intermediates.noindex/ExifEditMac.build/Debug/ExifEditCore.build/Objects-normal/arm64/ExifEditCore.SwiftFileList --metadata-file-list /Users/chrislemarquand/Documents/Photography/Exifedit/build_derived/Build/Intermediates.noindex/ExifEditMac.build/Debug/ExifEditCore.build/ExifEditCore.DependencyMetadataFileList --static-metadata-file-list /Users/chrislemarquand/Documents/Photography/Exifedit/build_derived/Build/Intermediates.noindex/ExifEditMac.build/Debug/ExifEditCore.build/ExifEditCore.DependencyStaticMetadataFileList --swift-const-vals-list /Users/chrislemarquand/Documents/Photography/Exifedit/build_derived/Build/Intermediates.noindex/ExifEditMac.build/Debug/ExifEditCore.build/Objects-normal/arm64/ExifEditCore.SwiftConstValuesFileList --force --compile-time-extraction --deployment-aware-processing --validate-assistant-intents --no-app-shortcuts-localization
2026-02-22 23:39:51.935 appintentsmetadataprocessor[90595:1765847] Starting appintentsmetadataprocessor export
2026-02-22 23:39:52.044 appintentsmetadataprocessor[90595:1765847] Extracted no relevant App Intents symbols, skipping writing output

CodeSign /Users/chrislemarquand/Documents/Photography/Exifedit/build_derived/Build/Products/Debug/libExifEditCore.a (in target 'ExifEditCore' from project 'ExifEditMac')
    cd /Users/chrislemarquand/Documents/Photography/Exifedit
    
    Signing Identity:     "Sign to Run Locally"
    
    /usr/bin/codesign --force --sign - --entitlements /Users/chrislemarquand/Documents/Photography/Exifedit/build_derived/Build/Intermediates.noindex/ExifEditMac.build/Debug/ExifEditCore.build/libExifEditCore.a.xcent --timestamp\=none --generate-entitlement-der /Users/chrislemarquand/Documents/Photography/Exifedit/build_derived/Build/Products/Debug/libExifEditCore.a

Ld /Users/chrislemarquand/Documents/Photography/Exifedit/build_derived/Build/Products/Debug/Lattice.app/Contents/MacOS/__preview.dylib normal (in target 'ExifEditMac' from project 'ExifEditMac')
    cd /Users/chrislemarquand/Documents/Photography/Exifedit
    /Applications/Xcode.app/Contents/Developer/Toolchains/XcodeDefault.xctoolchain/usr/bin/clang -Xlinker -reproducible -target arm64-apple-macos26.0 -dynamiclib -isysroot /Applications/Xcode.app/Contents/Developer/Platforms/MacOSX.platform/Developer/SDKs/MacOSX26.2.sdk -Os -L/Users/chrislemarquand/Documents/Photography/Exifedit/build_derived/Build/Products/Debug -F/Users/chrislemarquand/Documents/Photography/Exifedit/build_derived/Build/Products/Debug -install_name @rpath/Lattice.debug.dylib -Xlinker -debug_variant -Xlinker -dependency_info -Xlinker /Users/chrislemarquand/Documents/Photography/Exifedit/build_derived/Build/Intermediates.noindex/ExifEditMac.build/Debug/ExifEditMac.build/Objects-normal/arm64/Lattice_dependency_info.dat -Xlinker -no_adhoc_codesign -o /Users/chrislemarquand/Documents/Photography/Exifedit/build_derived/Build/Products/Debug/Lattice.app/Contents/MacOS/__preview.dylib

SwiftDriver ExifEditMac normal arm64 com.apple.xcode.tools.swift.compiler (in target 'ExifEditMac' from project 'ExifEditMac')
    cd /Users/chrislemarquand/Documents/Photography/Exifedit
    builtin-SwiftDriver -- /Applications/Xcode.app/Contents/Developer/Toolchains/XcodeDefault.xctoolchain/usr/bin/swiftc -module-name Lattice -Onone -enforce-exclusivity\=checked @/Users/chrislemarquand/Documents/Photography/Exifedit/build_derived/Build/Intermediates.noindex/ExifEditMac.build/Debug/ExifEditMac.build/Objects-normal/arm64/Lattice.SwiftFileList -DDEBUG -enable-experimental-feature DebugDescriptionMacro -sdk /Applications/Xcode.app/Contents/Developer/Platforms/MacOSX.platform/Developer/SDKs/MacOSX26.2.sdk -target arm64-apple-macos26.0 -g -module-cache-path /Users/chrislemarquand/Documents/Photography/Exifedit/build_derived/ModuleCache.noindex -Xfrontend -serialize-debugging-options -profile-coverage-mapping -profile-generate -index-store-path /Users/chrislemarquand/Documents/Photography/Exifedit/build_derived/Index.noindex/DataStore -swift-version 6 -I /Users/chrislemarquand/Documents/Photography/Exifedit/build_derived/Build/Products/Debug -F /Users/chrislemarquand/Documents/Photography/Exifedit/build_derived/Build/Products/Debug -emit-localized-strings -emit-localized-strings-path /Users/chrislemarquand/Documents/Photography/Exifedit/build_derived/Build/Intermediates.noindex/ExifEditMac.build/Debug/ExifEditMac.build/Objects-normal/arm64 -c -j8 -enable-batch-mode -incremental -Xcc -ivfsstatcache -Xcc /Users/chrislemarquand/Documents/Photography/Exifedit/build_derived/SDKStatCaches.noindex/macosx26.2-25C57-00fa09913b459cbbc988d1f6730289ae.sdkstatcache -output-file-map /Users/chrislemarquand/Documents/Photography/Exifedit/build_derived/Build/Intermediates.noindex/ExifEditMac.build/Debug/ExifEditMac.build/Objects-normal/arm64/ExifEditMac-OutputFileMap.json -use-frontend-parseable-output -save-temps -no-color-diagnostics -explicit-module-build -module-cache-path /Users/chrislemarquand/Documents/Photography/Exifedit/build_derived/Build/Intermediates.noindex/SwiftExplicitPrecompiledModules -clang-scanner-module-cache-path /Users/chrislemarquand/Documents/Photography/Exifedit/build_derived/ModuleCache.noindex -sdk-module-cache-path /Users/chrislemarquand/Documents/Photography/Exifedit/build_derived/ModuleCache.noindex -serialize-diagnostics -emit-dependencies -emit-module -emit-module-path /Users/chrislemarquand/Documents/Photography/Exifedit/build_derived/Build/Intermediates.noindex/ExifEditMac.build/Debug/ExifEditMac.build/Objects-normal/arm64/Lattice.swiftmodule -validate-clang-modules-once -clang-build-session-file /Users/chrislemarquand/Documents/Photography/Exifedit/build_derived/ModuleCache.noindex/Session.modulevalidation -Xcc -I/Users/chrislemarquand/Documents/Photography/Exifedit/build_derived/Build/Intermediates.noindex/ExifEditMac.build/Debug/ExifEditMac.build/swift-overrides.hmap -emit-const-values -Xfrontend -const-gather-protocols-file -Xfrontend /Users/chrislemarquand/Documents/Photography/Exifedit/build_derived/Build/Intermediates.noindex/ExifEditMac.build/Debug/ExifEditMac.build/Objects-normal/arm64/ExifEditMac_const_extract_protocols.json -Xcc -iquote -Xcc /Users/chrislemarquand/Documents/Photography/Exifedit/build_derived/Build/Intermediates.noindex/ExifEditMac.build/Debug/ExifEditMac.build/Lattice-generated-files.hmap -Xcc -I/Users/chrislemarquand/Documents/Photography/Exifedit/build_derived/Build/Intermediates.noindex/ExifEditMac.build/Debug/ExifEditMac.build/Lattice-own-target-headers.hmap -Xcc -I/Users/chrislemarquand/Documents/Photography/Exifedit/build_derived/Build/Intermediates.noindex/ExifEditMac.build/Debug/ExifEditMac.build/Lattice-all-target-headers.hmap -Xcc -iquote -Xcc /Users/chrislemarquand/Documents/Photography/Exifedit/build_derived/Build/Intermediates.noindex/ExifEditMac.build/Debug/ExifEditMac.build/Lattice-project-headers.hmap -Xcc -I/Users/chrislemarquand/Documents/Photography/Exifedit/build_derived/Build/Products/Debug/include -Xcc -I/Users/chrislemarquand/Documents/Photography/Exifedit/build_derived/Build/Intermediates.noindex/ExifEditMac.build/Debug/ExifEditMac.build/DerivedSources-normal/arm64 -Xcc -I/Users/chrislemarquand/Documents/Photography/Exifedit/build_derived/Build/Intermediates.noindex/ExifEditMac.build/Debug/ExifEditMac.build/DerivedSources/arm64 -Xcc -I/Users/chrislemarquand/Documents/Photography/Exifedit/build_derived/Build/Intermediates.noindex/ExifEditMac.build/Debug/ExifEditMac.build/DerivedSources -emit-objc-header -emit-objc-header-path /Users/chrislemarquand/Documents/Photography/Exifedit/build_derived/Build/Intermediates.noindex/ExifEditMac.build/Debug/ExifEditMac.build/Objects-normal/arm64/Lattice-Swift.h -working-directory /Users/chrislemarquand/Documents/Photography/Exifedit -experimental-emit-module-separately -disable-cmo

** BUILD FAILED **


The following build commands failed:
	CompileAssetCatalogVariant thinned /Users/chrislemarquand/Documents/Photography/Exifedit/build_derived/Build/Products/Debug/Lattice.app/Contents/Resources /Users/chrislemarquand/Documents/Photography/Exifedit/Assets.xcassets /Users/chrislemarquand/Documents/Photography/Exifedit/AppIcon.icon (in target 'ExifEditMac' from project 'ExifEditMac')
	Building project ExifEditMac with scheme ExifEditMac and configuration Debug
(2 failures)
