2026-02-22 23:40:45.313 xcodebuild[91584:1772260]  DVTFilePathFSEvents: Failed to start fs event stream.
2026-02-22 23:40:45.508 xcodebuild[91584:1772258] [MT] DVTDeveloperPaths: Failed to get length of DARWIN_USER_CACHE_DIR from confstr(3), error = Error Domain=NSPOSIXErrorDomain Code=5 "Input/output error". Using NSCachesDirectory instead.
2026-02-22 23:40:45.845 xcodebuild[91584:1772328] CoreSimulatorService connection became invalid.  Simulator services will no longer be available.
2026-02-22 23:40:45.846 xcodebuild[91584:1772330] Logging connecton invalid: <OS_xpc_error: <dictionary: 0x207cebc10> { count = 1, transaction: 0, voucher = 0x0, contents =
	"XPCErrorDescription" => <string: 0x207cebd58> { string cache = 0x0, length = 18, contents = "Connection invalid" }
}>
2026-02-22 23:40:45.846 xcodebuild[91584:1772330] Error opening log file (/Users/chrislemarquand/Library/Logs/CoreSimulator/CoreSimulator.com.apple.dt.xcodebuild.log): Operation not permitted
[-[SimServiceContext sendRequest:]:1743] ERROR : Unable to deliver request ({
    "developer_dir" = "/Applications/Xcode.app/Contents/Developer";
    request = "set_developer_dir";
}) because we are not connected to CoreSimulatorService.
Command line invocation:
    /Applications/Xcode.app/Contents/Developer/usr/bin/xcodebuild -project /Users/chrislemarquand/Documents/Photography/Exifedit/ExifEditMac.xcodeproj -scheme ExifEditMac -configuration Debug -destination platform=macOS -derivedDataPath /Users/chrislemarquand/Documents/Photography/Exifedit/build_derived build

2026-02-22 23:40:45.891 xcodebuild[91584:1772258] [MT] DVTAssertions: Warning in DVTFrameworks/DVTFoundation/FileTypes/DVTFileDataTypeDetection.m:79
Details:  detectedTypeIdentifier (com.apple.binary-property-list) does not conform to matchedTypeIdentifier in MagicFileDataTypeDetector extenson com.apple.property-list. When both are specified, this conformance is required unless overridden by setting allowNonInheritance. extension.identifier:Xcode.MagicFileDataTypeDetector.BinaryPlist
Object:   <DVTFileDataTypeDetectionMagicCache: 0x7ae15d6b0>
Method:   -initWithExtension:
Thread:   <_NSMainThread: 0x105709770>{number = 1, name = main}
Please file a bug at https://feedbackassistant.apple.com with this warning message and any useful information you can provide.
2026-02-22 23:40:45.893 xcodebuild[91584:1772258] [MT] DVTAssertions: Warning in DVTFrameworks/DVTFoundation/FileTypes/DVTFileDataTypeDetection.m:79
Details:  detectedTypeIdentifier (com.apple.xml-property-list) does not conform to matchedTypeIdentifier in MagicFileDataTypeDetector extenson com.apple.property-list. When both are specified, this conformance is required unless overridden by setting allowNonInheritance. extension.identifier:Xcode.MagicFileDataTypeDetector.XMLPlist
Object:   <DVTFileDataTypeDetectionMagicCache: 0x7ae15f810>
Method:   -initWithExtension:
Thread:   <_NSMainThread: 0x105709770>{number = 1, name = main}
Please file a bug at https://feedbackassistant.apple.com with this warning message and any useful information you can provide.
[-[SimServiceContext initWithDeveloperDir:connectionType:error:]:450] WARN  : Unable to discover any Simulator runtimes. Developer Directory is /Applications/Xcode.app/Contents/Developer.
[-[SimDiskImageManager init]:175] ERROR : Could not kickstart simdiskimaged; SimDiskImageManager services will not be available: Error Domain=NSPOSIXErrorDomain Code=53 "Software caused connection abort" UserInfo={NSLocalizedDescription=Error returned in reply from CoreSimulatorService: Connection invalid}
[-[SimDiskImageManager _onQueue_checkConnection:]:239] ERROR : simdiskimaged returned error (invalid), marking disconnected.
[-[SimDiskImageManager _onQueue_checkConnection:]:239] ERROR : simdiskimaged returned error (invalid), marking disconnected.
[-[SimServiceContext initWithDeveloperDir:connectionType:error:]_block_invoke:486] ERROR : Could not get list of trusted mount directories: Error Domain=com.apple.CoreSimulator.SimError Code=410 "The service used to manage runtime disk images (simdiskimaged) crashed or is not responding" UserInfo={NSLocalizedDescription=The service used to manage runtime disk images (simdiskimaged) crashed or is not responding}
[-[SimServiceContext sendRequest:reply:error:]:1763] ERROR : Unable to deliver request ({
    request = "notification_subscription";
    "set_path" = "/Users/chrislemarquand/Library/Developer/CoreSimulator/Devices";
}) because we are not connected to CoreSimulatorService.
2026-02-22 23:40:45.988 xcodebuild[91584:1772330] Error Domain=NSPOSIXErrorDomain Code=61 "Connection refused" UserInfo={NSLocalizedDescription=CoreSimulatorService connection became invalid.  Simulator services will no longer be available.}
[-[SimServiceContext sendRequest:reply:error:]:1763] ERROR : Unable to deliver request ({
    request = "notification_subscription";
    "set_path" = "/Users/chrislemarquand/Library/Developer/CoreSimulator/Devices";
}) because we are not connected to CoreSimulatorService.
2026-02-22 23:40:45.989 xcodebuild[91584:1772330]  iOSSimulator: [SimServiceContext defaultDeviceSetWithError:] returned nil (Error Domain=NSPOSIXErrorDomain Code=61 "Connection refused" UserInfo={NSLocalizedFailureReason=Failed to subscribe to notifications from CoreSimulatorService., NSLocalizedDescription=Failed to initialize simulator device set., NSUnderlyingError=0x7ae369080 {Error Domain=NSPOSIXErrorDomain Code=61 "Connection refused" UserInfo={NSLocalizedDescription=CoreSimulatorService connection became invalid.  Simulator services will no longer be available.}}}). Simulator device support disabled.
2026-02-22 23:40:45.989 xcodebuild[91584:1772261] Error Domain=NSPOSIXErrorDomain Code=61 "Connection refused" UserInfo={NSLocalizedDescription=CoreSimulatorService connection became invalid.  Simulator services will no longer be available.}
2026-02-22 23:40:45.990 xcodebuild[91584:1772261]  IDESimulatorAvailability: startObservingSimulatorUpdates() FAILED to register SimDeviceSet observer
--- xcodebuild: WARNING: Using the first of multiple matching destinations:
{ platform:macOS, arch:arm64, id:00008112-0005105E3C51401E, name:My Mac }
{ platform:macOS, arch:x86_64, id:00008112-0005105E3C51401E, name:My Mac }
ComputePackagePrebuildTargetDependencyGraph

Prepare packages

CreateBuildRequest

SendProjectDescription

CreateBuildOperation

ComputeTargetDependencyGraph
note: Building targets in dependency order
note: Target dependency graph (2 targets)
    Target 'ExifEditMac' in project 'ExifEditMac'
        ➜ Explicit dependency on target 'ExifEditCore' in project 'ExifEditMac'
    Target 'ExifEditCore' in project 'ExifEditMac' (no dependencies)

GatherProvisioningInputs

CreateBuildDescription

ClangStatCache /Applications/Xcode.app/Contents/Developer/Toolchains/XcodeDefault.xctoolchain/usr/bin/clang-stat-cache /Applications/Xcode.app/Contents/Developer/Platforms/MacOSX.platform/Developer/SDKs/MacOSX26.2.sdk /Users/chrislemarquand/Documents/Photography/Exifedit/build_derived/SDKStatCaches.noindex/macosx26.2-25C57-00fa09913b459cbbc988d1f6730289ae.sdkstatcache
    cd /Users/chrislemarquand/Documents/Photography/Exifedit/ExifEditMac.xcodeproj
    /Applications/Xcode.app/Contents/Developer/Toolchains/XcodeDefault.xctoolchain/usr/bin/clang-stat-cache /Applications/Xcode.app/Contents/Developer/Platforms/MacOSX.platform/Developer/SDKs/MacOSX26.2.sdk -o /Users/chrislemarquand/Documents/Photography/Exifedit/build_derived/SDKStatCaches.noindex/macosx26.2-25C57-00fa09913b459cbbc988d1f6730289ae.sdkstatcache
Failed to create FS event stream. Considering the cache up-to-date.

ProcessProductPackaging /Users/chrislemarquand/Documents/Photography/Exifedit/Config/ExifEditMac.entitlements /Users/chrislemarquand/Documents/Photography/Exifedit/build_derived/Build/Intermediates.noindex/ExifEditMac.build/Debug/ExifEditMac.build/Lattice.app.xcent (in target 'ExifEditMac' from project 'ExifEditMac')
    cd /Users/chrislemarquand/Documents/Photography/Exifedit
    
    Entitlements:
    
    {
    "com.apple.security.app-sandbox" = 0;
    "com.apple.security.get-task-allow" = 1;
}
    
    builtin-productPackagingUtility /Users/chrislemarquand/Documents/Photography/Exifedit/Config/ExifEditMac.entitlements -entitlements -format xml -o /Users/chrislemarquand/Documents/Photography/Exifedit/build_derived/Build/Intermediates.noindex/ExifEditMac.build/Debug/ExifEditMac.build/Lattice.app.xcent

ProcessProductPackagingDER /Users/chrislemarquand/Documents/Photography/Exifedit/build_derived/Build/Intermediates.noindex/ExifEditMac.build/Debug/ExifEditMac.build/Lattice.app.xcent /Users/chrislemarquand/Documents/Photography/Exifedit/build_derived/Build/Intermediates.noindex/ExifEditMac.build/Debug/ExifEditMac.build/Lattice.app.xcent.der (in target 'ExifEditMac' from project 'ExifEditMac')
    cd /Users/chrislemarquand/Documents/Photography/Exifedit
    /usr/bin/derq query -f xml -i /Users/chrislemarquand/Documents/Photography/Exifedit/build_derived/Build/Intermediates.noindex/ExifEditMac.build/Debug/ExifEditMac.build/Lattice.app.xcent -o /Users/chrislemarquand/Documents/Photography/Exifedit/build_derived/Build/Intermediates.noindex/ExifEditMac.build/Debug/ExifEditMac.build/Lattice.app.xcent.der --raw

GenerateAssetSymbols /Users/chrislemarquand/Documents/Photography/Exifedit/Assets.xcassets /Users/chrislemarquand/Documents/Photography/Exifedit/AppIcon.icon (in target 'ExifEditMac' from project 'ExifEditMac')
    cd /Users/chrislemarquand/Documents/Photography/Exifedit
    /Applications/Xcode.app/Contents/Developer/usr/bin/actool /Users/chrislemarquand/Documents/Photography/Exifedit/Assets.xcassets /Users/chrislemarquand/Documents/Photography/Exifedit/AppIcon.icon --compile /Users/chrislemarquand/Documents/Photography/Exifedit/build_derived/Build/Products/Debug/Lattice.app/Contents/Resources --output-format human-readable-text --notices --warnings --export-dependency-info /Users/chrislemarquand/Documents/Photography/Exifedit/build_derived/Build/Intermediates.noindex/ExifEditMac.build/Debug/ExifEditMac.build/assetcatalog_dependencies --output-partial-info-plist /Users/chrislemarquand/Documents/Photography/Exifedit/build_derived/Build/Intermediates.noindex/ExifEditMac.build/Debug/ExifEditMac.build/assetcatalog_generated_info.plist --app-icon AppIcon --include-all-app-icons --accent-color BrandAccent --enable-on-demand-resources NO --development-region en --target-device mac --minimum-deployment-target 26.0 --platform macosx --bundle-identifier com.chrislemarquand.Lattice --generate-swift-asset-symbol-extensions NO --generate-swift-asset-symbols /Users/chrislemarquand/Documents/Photography/Exifedit/build_derived/Build/Intermediates.noindex/ExifEditMac.build/Debug/ExifEditMac.build/DerivedSources/GeneratedAssetSymbols.swift --generate-objc-asset-symbols /Users/chrislemarquand/Documents/Photography/Exifedit/build_derived/Build/Intermediates.noindex/ExifEditMac.build/Debug/ExifEditMac.build/DerivedSources/GeneratedAssetSymbols.h --generate-asset-symbol-index /Users/chrislemarquand/Documents/Photography/Exifedit/build_derived/Build/Intermediates.noindex/ExifEditMac.build/Debug/ExifEditMac.build/DerivedSources/GeneratedAssetSymbols-Index.plist
2026-02-22 23:40:47.212 ibtoold[91598:1772425] CoreSimulatorService connection became invalid.  Simulator services will no longer be available.
2026-02-22 23:40:47.212 ibtoold[91598:1772430] Logging connecton invalid: <OS_xpc_error: <dictionary: 0x207cebc10> { count = 1, transaction: 0, voucher = 0x0, contents =
	"XPCErrorDescription" => <string: 0x207cebd58> { string cache = 0x0, length = 18, contents = "Connection invalid" }
}>
2026-02-22 23:40:47.213 ibtoold[91598:1772425] Error opening log file (/Users/chrislemarquand/Library/Logs/CoreSimulator/CoreSimulator.com.apple.ibtool.log): Operation not permitted
[-[SimServiceContext sendRequest:]:1743] ERROR : Unable to deliver request ({
    "developer_dir" = "/Applications/Xcode.app/Contents/Developer";
    request = "set_developer_dir";
}) because we are not connected to CoreSimulatorService.
[-[SimServiceContext initWithDeveloperDir:connectionType:error:]:450] WARN  : Unable to discover any Simulator runtimes. Developer Directory is /Applications/Xcode.app/Contents/Developer.
[-[SimDiskImageManager init]:175] ERROR : Could not kickstart simdiskimaged; SimDiskImageManager services will not be available: Error Domain=NSPOSIXErrorDomain Code=53 "Software caused connection abort" UserInfo={NSLocalizedDescription=Error returned in reply from CoreSimulatorService: Connection invalid}
[-[SimDiskImageManager _onQueue_checkConnection:]:239] ERROR : simdiskimaged returned error (invalid), marking disconnected.
[-[SimDiskImageManager _onQueue_checkConnection:]:239] ERROR : simdiskimaged returned error (invalid), marking disconnected.
[-[SimServiceContext initWithDeveloperDir:connectionType:error:]_block_invoke:486] ERROR : Could not get list of trusted mount directories: Error Domain=com.apple.CoreSimulator.SimError Code=410 "The service used to manage runtime disk images (simdiskimaged) crashed or is not responding" UserInfo={NSLocalizedDescription=The service used to manage runtime disk images (simdiskimaged) crashed or is not responding}
[-[SimServiceContext sendRequest:reply:error:]:1763] ERROR : Unable to deliver request ({
    request = "notification_subscription";
    "set_path" = "/Users/chrislemarquand/Library/Developer/CoreSimulator/Devices";
}) because we are not connected to CoreSimulatorService.
2026-02-22 23:40:47.280 ibtoold[91598:1772424] Error Domain=NSPOSIXErrorDomain Code=61 "Connection refused" UserInfo={NSLocalizedDescription=CoreSimulatorService connection became invalid.  Simulator services will no longer be available.}
/* com.apple.actool.compilation-results */
/Users/chrislemarquand/Documents/Photography/Exifedit/build_derived/Build/Intermediates.noindex/ExifEditMac.build/Debug/ExifEditMac.build/DerivedSources/GeneratedAssetSymbols-Index.plist
/Users/chrislemarquand/Documents/Photography/Exifedit/build_derived/Build/Intermediates.noindex/ExifEditMac.build/Debug/ExifEditMac.build/DerivedSources/GeneratedAssetSymbols.h
/Users/chrislemarquand/Documents/Photography/Exifedit/build_derived/Build/Intermediates.noindex/ExifEditMac.build/Debug/ExifEditMac.build/DerivedSources/GeneratedAssetSymbols.swift


CompileAssetCatalogVariant thinned /Users/chrislemarquand/Documents/Photography/Exifedit/build_derived/Build/Products/Debug/Lattice.app/Contents/Resources /Users/chrislemarquand/Documents/Photography/Exifedit/Assets.xcassets /Users/chrislemarquand/Documents/Photography/Exifedit/AppIcon.icon (in target 'ExifEditMac' from project 'ExifEditMac')
    cd /Users/chrislemarquand/Documents/Photography/Exifedit
    /Applications/Xcode.app/Contents/Developer/usr/bin/actool /Users/chrislemarquand/Documents/Photography/Exifedit/Assets.xcassets /Users/chrislemarquand/Documents/Photography/Exifedit/AppIcon.icon --compile /Users/chrislemarquand/Documents/Photography/Exifedit/build_derived/Build/Intermediates.noindex/ExifEditMac.build/Debug/ExifEditMac.build/assetcatalog_output/thinned --output-format human-readable-text --notices --warnings --export-dependency-info /Users/chrislemarquand/Documents/Photography/Exifedit/build_derived/Build/Intermediates.noindex/ExifEditMac.build/Debug/ExifEditMac.build/assetcatalog_dependencies_thinned --output-partial-info-plist /Users/chrislemarquand/Documents/Photography/Exifedit/build_derived/Build/Intermediates.noindex/ExifEditMac.build/Debug/ExifEditMac.build/assetcatalog_generated_info.plist_thinned --app-icon AppIcon --include-all-app-icons --accent-color BrandAccent --enable-on-demand-resources NO --development-region en --target-device mac --minimum-deployment-target 26.0 --platform macosx
error: error reading dependency file '/Users/chrislemarquand/Documents/Photography/Exifedit/build_derived/Build/Intermediates.noindex/ExifEditMac.build/Debug/ExifEditMac.build/assetcatalog_dependencies_thinned': missing null terminator (in target 'ExifEditMac' from project 'ExifEditMac')
2026-02-22 23:40:47.267 ibtoold[91599:1772426] CoreSimulatorService connection became invalid.  Simulator services will no longer be available.
2026-02-22 23:40:47.268 ibtoold[91599:1772432] Logging connecton invalid: <OS_xpc_error: <dictionary: 0x207cebc10> { count = 1, transaction: 0, voucher = 0x0, contents =
	"XPCErrorDescription" => <string: 0x207cebd58> { string cache = 0x0, length = 18, contents = "Connection invalid" }
}>
2026-02-22 23:40:47.269 ibtoold[91599:1772432] Error opening log file (/Users/chrislemarquand/Library/Logs/CoreSimulator/CoreSimulator.com.apple.ibtool.log): Operation not permitted
[-[SimServiceContext sendRequest:]:1743] ERROR : Unable to deliver request ({
    "developer_dir" = "/Applications/Xcode.app/Contents/Developer";
    request = "set_developer_dir";
}) because we are not connected to CoreSimulatorService.
[-[SimServiceContext initWithDeveloperDir:connectionType:error:]:450] WARN  : Unable to discover any Simulator runtimes. Developer Directory is /Applications/Xcode.app/Contents/Developer.
[-[SimDiskImageManager init]:175] ERROR : Could not kickstart simdiskimaged; SimDiskImageManager services will not be available: Error Domain=NSPOSIXErrorDomain Code=53 "Software caused connection abort" UserInfo={NSLocalizedDescription=Error returned in reply from CoreSimulatorService: Connection invalid}
[-[SimDiskImageManager _onQueue_checkConnection:]:239] ERROR : simdiskimaged returned error (invalid), marking disconnected.
[-[SimServiceContext initWithDeveloperDir:connectionType:error:]_block_invoke:486] ERROR : Could not get list of trusted mount directories: Error Domain=com.apple.CoreSimulator.SimError Code=410 "The service used to manage runtime disk images (simdiskimaged) crashed or is not responding" UserInfo={NSLocalizedDescription=The service used to manage runtime disk images (simdiskimaged) crashed or is not responding}
[-[SimDiskImageManager _onQueue_checkConnection:]:239] ERROR : simdiskimaged returned error (invalid), marking disconnected.
[-[SimServiceContext sendRequest:reply:error:]:1763] ERROR : Unable to deliver request ({
    request = "notification_subscription";
    "set_path" = "/Users/chrislemarquand/Library/Developer/CoreSimulator/Devices";
}) because we are not connected to CoreSimulatorService.
2026-02-22 23:40:47.324 ibtoold[91599:1772423] Error Domain=NSPOSIXErrorDomain Code=61 "Connection refused" UserInfo={NSLocalizedDescription=CoreSimulatorService connection became invalid.  Simulator services will no longer be available.}
The file “AppIcon” couldn’t be opened.
/* com.apple.actool.notices */
warning: Icon export exited with status 255, signal 0

SwiftDriver ExifEditMac normal arm64 com.apple.xcode.tools.swift.compiler (in target 'ExifEditMac' from project 'ExifEditMac')
    cd /Users/chrislemarquand/Documents/Photography/Exifedit
    builtin-SwiftDriver -- /Applications/Xcode.app/Contents/Developer/Toolchains/XcodeDefault.xctoolchain/usr/bin/swiftc -module-name Lattice -Onone -enforce-exclusivity\=checked @/Users/chrislemarquand/Documents/Photography/Exifedit/build_derived/Build/Intermediates.noindex/ExifEditMac.build/Debug/ExifEditMac.build/Objects-normal/arm64/Lattice.SwiftFileList -DDEBUG -enable-experimental-feature DebugDescriptionMacro -sdk /Applications/Xcode.app/Contents/Developer/Platforms/MacOSX.platform/Developer/SDKs/MacOSX26.2.sdk -target arm64-apple-macos26.0 -g -module-cache-path /Users/chrislemarquand/Documents/Photography/Exifedit/build_derived/ModuleCache.noindex -Xfrontend -serialize-debugging-options -profile-coverage-mapping -profile-generate -index-store-path /Users/chrislemarquand/Documents/Photography/Exifedit/build_derived/Index.noindex/DataStore -swift-version 6 -I /Users/chrislemarquand/Documents/Photography/Exifedit/build_derived/Build/Products/Debug -F /Users/chrislemarquand/Documents/Photography/Exifedit/build_derived/Build/Products/Debug -emit-localized-strings -emit-localized-strings-path /Users/chrislemarquand/Documents/Photography/Exifedit/build_derived/Build/Intermediates.noindex/ExifEditMac.build/Debug/ExifEditMac.build/Objects-normal/arm64 -c -j8 -enable-batch-mode -incremental -Xcc -ivfsstatcache -Xcc /Users/chrislemarquand/Documents/Photography/Exifedit/build_derived/SDKStatCaches.noindex/macosx26.2-25C57-00fa09913b459cbbc988d1f6730289ae.sdkstatcache -output-file-map /Users/chrislemarquand/Documents/Photography/Exifedit/build_derived/Build/Intermediates.noindex/ExifEditMac.build/Debug/ExifEditMac.build/Objects-normal/arm64/ExifEditMac-OutputFileMap.json -use-frontend-parseable-output -save-temps -no-color-diagnostics -explicit-module-build -module-cache-path /Users/chrislemarquand/Documents/Photography/Exifedit/build_derived/Build/Intermediates.noindex/SwiftExplicitPrecompiledModules -clang-scanner-module-cache-path /Users/chrislemarquand/Documents/Photography/Exifedit/build_derived/ModuleCache.noindex -sdk-module-cache-path /Users/chrislemarquand/Documents/Photography/Exifedit/build_derived/ModuleCache.noindex -serialize-diagnostics -emit-dependencies -emit-module -emit-module-path /Users/chrislemarquand/Documents/Photography/Exifedit/build_derived/Build/Intermediates.noindex/ExifEditMac.build/Debug/ExifEditMac.build/Objects-normal/arm64/Lattice.swiftmodule -validate-clang-modules-once -clang-build-session-file /Users/chrislemarquand/Documents/Photography/Exifedit/build_derived/ModuleCache.noindex/Session.modulevalidation -Xcc -I/Users/chrislemarquand/Documents/Photography/Exifedit/build_derived/Build/Intermediates.noindex/ExifEditMac.build/Debug/ExifEditMac.build/swift-overrides.hmap -emit-const-values -Xfrontend -const-gather-protocols-file -Xfrontend /Users/chrislemarquand/Documents/Photography/Exifedit/build_derived/Build/Intermediates.noindex/ExifEditMac.build/Debug/ExifEditMac.build/Objects-normal/arm64/ExifEditMac_const_extract_protocols.json -Xcc -iquote -Xcc /Users/chrislemarquand/Documents/Photography/Exifedit/build_derived/Build/Intermediates.noindex/ExifEditMac.build/Debug/ExifEditMac.build/Lattice-generated-files.hmap -Xcc -I/Users/chrislemarquand/Documents/Photography/Exifedit/build_derived/Build/Intermediates.noindex/ExifEditMac.build/Debug/ExifEditMac.build/Lattice-own-target-headers.hmap -Xcc -I/Users/chrislemarquand/Documents/Photography/Exifedit/build_derived/Build/Intermediates.noindex/ExifEditMac.build/Debug/ExifEditMac.build/Lattice-all-target-headers.hmap -Xcc -iquote -Xcc /Users/chrislemarquand/Documents/Photography/Exifedit/build_derived/Build/Intermediates.noindex/ExifEditMac.build/Debug/ExifEditMac.build/Lattice-project-headers.hmap -Xcc -I/Users/chrislemarquand/Documents/Photography/Exifedit/build_derived/Build/Products/Debug/include -Xcc -I/Users/chrislemarquand/Documents/Photography/Exifedit/build_derived/Build/Intermediates.noindex/ExifEditMac.build/Debug/ExifEditMac.build/DerivedSources-normal/arm64 -Xcc -I/Users/chrislemarquand/Documents/Photography/Exifedit/build_derived/Build/Intermediates.noindex/ExifEditMac.build/Debug/ExifEditMac.build/DerivedSources/arm64 -Xcc -I/Users/chrislemarquand/Documents/Photography/Exifedit/build_derived/Build/Intermediates.noindex/ExifEditMac.build/Debug/ExifEditMac.build/DerivedSources -emit-objc-header -emit-objc-header-path /Users/chrislemarquand/Documents/Photography/Exifedit/build_derived/Build/Intermediates.noindex/ExifEditMac.build/Debug/ExifEditMac.build/Objects-normal/arm64/Lattice-Swift.h -working-directory /Users/chrislemarquand/Documents/Photography/Exifedit -experimental-emit-module-separately -disable-cmo

** BUILD FAILED **


The following build commands failed:
	CompileAssetCatalogVariant thinned /Users/chrislemarquand/Documents/Photography/Exifedit/build_derived/Build/Products/Debug/Lattice.app/Contents/Resources /Users/chrislemarquand/Documents/Photography/Exifedit/Assets.xcassets /Users/chrislemarquand/Documents/Photography/Exifedit/AppIcon.icon (in target 'ExifEditMac' from project 'ExifEditMac')
	Building project ExifEditMac with scheme ExifEditMac and configuration Debug
(2 failures)
